{"C:\\Users\\indya\\Documents\\GitHub\\analytics-challenge\\backend\\app.ts":{"path":"C:\\Users\\indya\\Documents\\GitHub\\analytics-challenge\\backend\\app.ts","statementMap":{"0":{"start":{"line":2,"column":22},"end":{"line":4,"column":1}},"1":{"start":{"line":3,"column":4},"end":{"line":3,"column":62}},"2":{"start":{"line":5,"column":0},"end":{"line":5,"column":62}},"3":{"start":{"line":6,"column":16},"end":{"line":6,"column":51}},"4":{"start":{"line":7,"column":13},"end":{"line":7,"column":45}},"5":{"start":{"line":8,"column":15},"end":{"line":8,"column":49}},"6":{"start":{"line":9,"column":17},"end":{"line":9,"column":53}},"7":{"start":{"line":10,"column":24},"end":{"line":10,"column":67}},"8":{"start":{"line":11,"column":20},"end":{"line":11,"column":59}},"9":{"start":{"line":12,"column":13},"end":{"line":12,"column":45}},"10":{"start":{"line":13,"column":25},"end":{"line":13,"column":69}},"11":{"start":{"line":14,"column":13},"end":{"line":14,"column":47}},"12":{"start":{"line":15,"column":20},"end":{"line":15,"column":61}},"13":{"start":{"line":16,"column":23},"end":{"line":16,"column":67}},"14":{"start":{"line":17,"column":27},"end":{"line":17,"column":75}},"15":{"start":{"line":18,"column":27},"end":{"line":18,"column":75}},"16":{"start":{"line":19,"column":20},"end":{"line":19,"column":61}},"17":{"start":{"line":20,"column":23},"end":{"line":20,"column":67}},"18":{"start":{"line":21,"column":28},"end":{"line":21,"column":77}},"19":{"start":{"line":22,"column":28},"end":{"line":22,"column":77}},"20":{"start":{"line":23,"column":24},"end":{"line":23,"column":69}},"21":{"start":{"line":24,"column":21},"end":{"line":24,"column":63}},"22":{"start":{"line":25,"column":24},"end":{"line":25,"column":69}},"23":{"start":{"line":26,"column":0},"end":{"line":26,"column":27}},"24":{"start":{"line":27,"column":17},"end":{"line":30,"column":1}},"25":{"start":{"line":31,"column":10},"end":{"line":31,"column":29}},"26":{"start":{"line":37,"column":0},"end":{"line":37,"column":36}},"27":{"start":{"line":38,"column":0},"end":{"line":38,"column":33}},"28":{"start":{"line":39,"column":0},"end":{"line":39,"column":63}},"29":{"start":{"line":40,"column":0},"end":{"line":40,"column":38}},"30":{"start":{"line":41,"column":0},"end":{"line":46,"column":4}},"31":{"start":{"line":47,"column":0},"end":{"line":47,"column":41}},"32":{"start":{"line":48,"column":0},"end":{"line":48,"column":38}},"33":{"start":{"line":49,"column":0},"end":{"line":49,"column":82}},"34":{"start":{"line":50,"column":0},"end":{"line":50,"column":24}},"35":{"start":{"line":51,"column":0},"end":{"line":51,"column":41}},"36":{"start":{"line":52,"column":0},"end":{"line":52,"column":47}},"37":{"start":{"line":53,"column":0},"end":{"line":53,"column":55}},"38":{"start":{"line":54,"column":0},"end":{"line":54,"column":55}},"39":{"start":{"line":55,"column":0},"end":{"line":55,"column":41}},"40":{"start":{"line":56,"column":0},"end":{"line":56,"column":47}},"41":{"start":{"line":57,"column":0},"end":{"line":57,"column":57}},"42":{"start":{"line":58,"column":0},"end":{"line":58,"column":57}},"43":{"start":{"line":59,"column":0},"end":{"line":59,"column":43}},"44":{"start":{"line":60,"column":0},"end":{"line":60,"column":48}},"45":{"start":{"line":61,"column":0},"end":{"line":63,"column":3}},"46":{"start":{"line":62,"column":4},"end":{"line":62,"column":21}},"47":{"start":{"line":69,"column":0},"end":{"line":69,"column":79}},"48":{"start":{"line":70,"column":11},"end":{"line":70,"column":15}},"49":{"start":{"line":71,"column":0},"end":{"line":73,"column":3}},"50":{"start":{"line":72,"column":4},"end":{"line":72,"column":50}}},"fnMap":{"0":{"name":"(anonymous_0)","decl":{"start":{"line":2,"column":56},"end":{"line":2,"column":57}},"loc":{"start":{"line":2,"column":71},"end":{"line":4,"column":1}},"line":2},"1":{"name":"(anonymous_1)","decl":{"start":{"line":61,"column":17},"end":{"line":61,"column":18}},"loc":{"start":{"line":61,"column":37},"end":{"line":63,"column":1}},"line":61},"2":{"name":"(anonymous_2)","decl":{"start":{"line":71,"column":17},"end":{"line":71,"column":18}},"loc":{"start":{"line":71,"column":29},"end":{"line":73,"column":1}},"line":71}},"branchMap":{"0":{"loc":{"start":{"line":2,"column":22},"end":{"line":4,"column":1}},"type":"binary-expr","locations":[{"start":{"line":2,"column":23},"end":{"line":2,"column":27}},{"start":{"line":2,"column":31},"end":{"line":2,"column":51}},{"start":{"line":2,"column":56},"end":{"line":4,"column":1}}],"line":2},"1":{"loc":{"start":{"line":3,"column":11},"end":{"line":3,"column":61}},"type":"cond-expr","locations":[{"start":{"line":3,"column":37},"end":{"line":3,"column":40}},{"start":{"line":3,"column":43},"end":{"line":3,"column":61}}],"line":3},"2":{"loc":{"start":{"line":3,"column":12},"end":{"line":3,"column":33}},"type":"binary-expr","locations":[{"start":{"line":3,"column":12},"end":{"line":3,"column":15}},{"start":{"line":3,"column":19},"end":{"line":3,"column":33}}],"line":3}},"s":{"0":1,"1":20,"2":1,"3":1,"4":1,"5":1,"6":1,"7":1,"8":1,"9":1,"10":1,"11":1,"12":1,"13":1,"14":1,"15":1,"16":1,"17":1,"18":1,"19":1,"20":1,"21":1,"22":1,"23":1,"24":1,"25":1,"26":1,"27":1,"28":1,"29":1,"30":1,"31":1,"32":1,"33":1,"34":1,"35":1,"36":1,"37":1,"38":1,"39":1,"40":1,"41":1,"42":1,"43":1,"44":1,"45":1,"46":0,"47":1,"48":1,"49":1,"50":1},"f":{"0":20,"1":0,"2":1},"b":{"0":[1,1,1],"1":[12,8],"2":[20,20]},"inputSourceMap":{"version":3,"file":"C:/Users/indya/Documents/GitHub/analytics-challenge/backend/app.ts","sources":["C:/Users/indya/Documents/GitHub/analytics-challenge/backend/app.ts"],"names":[],"mappings":";;;;;AAAA,oDAAqD;AACrD,8CAAwB;AACxB,kDAA4B;AAC5B,sDAAgC;AAChC,oEAAsC;AACtC,4DAAqC;AACrC,8CAAwB;AACxB,sEAAwC;AAExC,gDAA0B;AAC1B,8DAAuC;AACvC,oEAA6C;AAC7C,4EAAqD;AACrD,4EAAqD;AACrD,8DAAuC;AACvC,oEAA6C;AAC7C,8EAAuD;AACvD,8EAAuD;AACvD,sEAA+C;AAE/C,gEAAyC;AACzC,sEAA+C;AAE/C,OAAO,CAAC,QAAQ,CAAC,CAAC,MAAM,EAAE,CAAC;AAE3B,IAAM,UAAU,GAAG;IACjB,MAAM,EAAE,uBAAuB;IAC/B,WAAW,EAAE,IAAI;CAClB,CAAC;AAEF,IAAM,GAAG,GAAG,iBAAO,EAAE,CAAC;AAEtB,0BAA0B;AAC1B,aAAa;AACb,IAAI,MAAM,CAAC,YAAY,EAAE;IACvB,OAAO,CAAC,2CAA2C,CAAC,CAAC,GAAG,CAAC,CAAC;CAC3D;AAED,GAAG,CAAC,GAAG,CAAC,cAAI,CAAC,UAAU,CAAC,CAAC,CAAC;AAC1B,GAAG,CAAC,GAAG,CAAC,gBAAM,CAAC,KAAK,CAAC,CAAC,CAAC;AACvB,GAAG,CAAC,GAAG,CAAC,qBAAU,CAAC,UAAU,CAAC,EAAE,QAAQ,EAAE,KAAK,EAAE,CAAC,CAAC,CAAC;AACpD,GAAG,CAAC,GAAG,CAAC,qBAAU,CAAC,IAAI,EAAE,CAAC,CAAC;AAE3B,GAAG,CAAC,GAAG,CACL,yBAAO,CAAC;IACN,MAAM,EAAE,gBAAgB;IACxB,MAAM,EAAE,KAAK;IACb,iBAAiB,EAAE,KAAK;IACxB,KAAK,EAAE,SAAS;CACjB,CAAC,CACH,CAAC;AACF,GAAG,CAAC,GAAG,CAAC,kBAAQ,CAAC,UAAU,EAAE,CAAC,CAAC;AAC/B,GAAG,CAAC,GAAG,CAAC,kBAAQ,CAAC,OAAO,EAAE,CAAC,CAAC;AAE5B,GAAG,CAAC,GAAG,CAAC,0BAAQ,CAAC,UAAU,CAAC,CAAC,OAAO,CAAC,GAAG,CAAC,oBAAqB,CAAC,CAAC,CAAC;AAEjE,GAAG,CAAC,GAAG,CAAC,cAAI,CAAC,CAAC;AACd,GAAG,CAAC,GAAG,CAAC,QAAQ,EAAE,qBAAU,CAAC,CAAC;AAC9B,GAAG,CAAC,GAAG,CAAC,WAAW,EAAE,wBAAa,CAAC,CAAC;AACpC,GAAG,CAAC,GAAG,CAAC,eAAe,EAAE,4BAAiB,CAAC,CAAC;AAC5C,GAAG,CAAC,GAAG,CAAC,eAAe,EAAE,4BAAiB,CAAC,CAAC;AAC5C,GAAG,CAAC,GAAG,CAAC,QAAQ,EAAE,qBAAU,CAAC,CAAC;AAC9B,GAAG,CAAC,GAAG,CAAC,WAAW,EAAE,wBAAa,CAAC,CAAC;AACpC,GAAG,CAAC,GAAG,CAAC,gBAAgB,EAAE,6BAAkB,CAAC,CAAC;AAC9C,GAAG,CAAC,GAAG,CAAC,gBAAgB,EAAE,6BAAkB,CAAC,CAAC;AAC9C,GAAG,CAAC,GAAG,CAAC,SAAS,EAAE,sBAAW,CAAC,CAAC;AAChC,GAAG,CAAC,GAAG,CAAC,WAAW,EAAE,yBAAc,CAAC,CAAC;AACrC,GAAG,CAAC,GAAG,CAAC,OAAO,EAAE,UAAC,GAAY,EAAE,GAAa;IAC3C,GAAG,CAAC,IAAI,CAAC,MAAM,CAAC,CAAC;AACnB,CAAC,CAAC,CAAC;AACH,sCAAsC;AAEtC,0BAA0B;AAC1B,IAAI,OAAO,CAAC,GAAG,CAAC,QAAQ,KAAK,MAAM,IAAI,OAAO,CAAC,GAAG,CAAC,QAAQ,KAAK,aAAa,EAAE;IAC7E,GAAG,CAAC,GAAG,CAAC,WAAW,EAAE,yBAAc,CAAC,CAAC;CACtC;AAED,GAAG,CAAC,GAAG,CAAC,iBAAO,CAAC,MAAM,CAAC,cAAI,CAAC,IAAI,CAAC,SAAS,EAAE,WAAW,CAAC,CAAC,CAAC,CAAC;AAC3D,IAAM,IAAI,GAAG,IAAI,CAAC;AAClB,GAAG,CAAC,MAAM,CAAC,IAAI,EAAE;IACf,OAAO,CAAC,GAAG,CAAC,yBAAyB,GAAG,IAAI,CAAC,CAAC;AAChD,CAAC,CAAC,CAAC","sourcesContent":["import express, { Request, Response } from \"express\";\r\nimport path from \"path\";\r\nimport logger from \"morgan\";\r\nimport passport from \"passport\";\r\nimport session from \"express-session\";\r\nimport bodyParser from \"body-parser\";\r\nimport cors from \"cors\";\r\nimport paginate from \"express-paginate\";\r\n\r\nimport auth from \"./auth\";\r\nimport userRoutes from \"./user-routes\";\r\nimport contactRoutes from \"./contact-routes\";\r\nimport bankAccountRoutes from \"./bankaccount-routes\";\r\nimport transactionRoutes from \"./transaction-routes\";\r\nimport likeRoutes from \"./like-routes\";\r\nimport commentRoutes from \"./comment-routes\";\r\nimport notificationRoutes from \"./notification-routes\";\r\nimport bankTransferRoutes from \"./banktransfer-routes\";\r\nimport testDataRoutes from \"./testdata-routes\";\r\nimport geoDataRoutes from \"./geoData-routes\";\r\nimport eventRoutes from \"./event-routes\";\r\nimport sessionsRoutes from \"./sessions-routes\";\r\n\r\nrequire(\"dotenv\").config();\r\n\r\nconst corsOption = {\r\n  origin: \"http://localhost:3000\",\r\n  credentials: true,\r\n};\r\n\r\nconst app = express();\r\n\r\n/* istanbul ignore next */\r\n// @ts-ignore\r\nif (global.__coverage__) {\r\n  require(\"@cypress/code-coverage/middleware/express\")(app);\r\n}\r\n\r\napp.use(cors(corsOption));\r\napp.use(logger(\"dev\"));\r\napp.use(bodyParser.urlencoded({ extended: false }));\r\napp.use(bodyParser.json());\r\n\r\napp.use(\r\n  session({\r\n    secret: \"session secret\",\r\n    resave: false,\r\n    saveUninitialized: false,\r\n    unset: \"destroy\",\r\n  })\r\n);\r\napp.use(passport.initialize());\r\napp.use(passport.session());\r\n\r\napp.use(paginate.middleware(+process.env.PAGINATION_PAGE_SIZE!));\r\n\r\napp.use(auth);\r\napp.use(\"/users\", userRoutes);\r\napp.use(\"/contacts\", contactRoutes);\r\napp.use(\"/bankAccounts\", bankAccountRoutes);\r\napp.use(\"/transactions\", transactionRoutes);\r\napp.use(\"/likes\", likeRoutes);\r\napp.use(\"/comments\", commentRoutes);\r\napp.use(\"/notifications\", notificationRoutes);\r\napp.use(\"/bankTransfers\", bankTransferRoutes);\r\napp.use(\"/events\", eventRoutes);\r\napp.use(\"/sessions\", sessionsRoutes);\r\napp.get(\"/ping\", (req: Request, res: Response) => {\r\n  res.send(\"pong\");\r\n});\r\n// app.use(\"/geoData\", geoDataRoutes);\r\n\r\n/* istanbul ignore next */\r\nif (process.env.NODE_ENV === \"test\" || process.env.NODE_ENV === \"development\") {\r\n  app.use(\"/testData\", testDataRoutes);\r\n}\r\n\r\napp.use(express.static(path.join(__dirname, \"../public\")));\r\nconst PORT = 3001;\r\napp.listen(PORT, () => {\r\n  console.log(\"app is running on port \" + PORT);\r\n});\r\n"]},"_coverageSchema":"1a1c01bbd47fc00a2c39e90264f33305004495a9","hash":"8d929f3d497f2e29ecbef7d0bdb679efc2da3fbd","contentHash":"31b82f3fafe1a14155e102eca164fde4060f0e5fb5f49b432946faaa69803755"},"C:\\Users\\indya\\Documents\\GitHub\\analytics-challenge\\backend\\auth.ts":{"path":"C:\\Users\\indya\\Documents\\GitHub\\analytics-challenge\\backend\\auth.ts","statementMap":{"0":{"start":{"line":2,"column":22},"end":{"line":4,"column":1}},"1":{"start":{"line":3,"column":4},"end":{"line":3,"column":62}},"2":{"start":{"line":5,"column":0},"end":{"line":5,"column":62}},"3":{"start":{"line":6,"column":17},"end":{"line":6,"column":53}},"4":{"start":{"line":7,"column":17},"end":{"line":7,"column":53}},"5":{"start":{"line":8,"column":16},"end":{"line":8,"column":51}},"6":{"start":{"line":9,"column":17},"end":{"line":9,"column":38}},"7":{"start":{"line":10,"column":20},"end":{"line":10,"column":54}},"8":{"start":{"line":11,"column":13},"end":{"line":11,"column":39}},"9":{"start":{"line":13,"column":0},"end":{"line":24,"column":4}},"10":{"start":{"line":14,"column":15},"end":{"line":14,"column":57}},"11":{"start":{"line":15,"column":25},"end":{"line":15,"column":58}},"12":{"start":{"line":16,"column":4},"end":{"line":18,"column":5}},"13":{"start":{"line":17,"column":8},"end":{"line":17,"column":62}},"14":{"start":{"line":20,"column":4},"end":{"line":22,"column":5}},"15":{"start":{"line":21,"column":8},"end":{"line":21,"column":62}},"16":{"start":{"line":23,"column":4},"end":{"line":23,"column":28}},"17":{"start":{"line":25,"column":0},"end":{"line":27,"column":3}},"18":{"start":{"line":26,"column":4},"end":{"line":26,"column":24}},"19":{"start":{"line":28,"column":0},"end":{"line":31,"column":3}},"20":{"start":{"line":29,"column":15},"end":{"line":29,"column":41}},"21":{"start":{"line":30,"column":4},"end":{"line":30,"column":21}},"22":{"start":{"line":33,"column":0},"end":{"line":41,"column":3}},"23":{"start":{"line":34,"column":4},"end":{"line":39,"column":5}},"24":{"start":{"line":35,"column":8},"end":{"line":35,"column":61}},"25":{"start":{"line":38,"column":8},"end":{"line":38,"column":43}},"26":{"start":{"line":40,"column":4},"end":{"line":40,"column":33}},"27":{"start":{"line":42,"column":0},"end":{"line":48,"column":3}},"28":{"start":{"line":43,"column":4},"end":{"line":43,"column":35}},"29":{"start":{"line":44,"column":4},"end":{"line":44,"column":17}},"30":{"start":{"line":45,"column":4},"end":{"line":47,"column":7}},"31":{"start":{"line":46,"column":8},"end":{"line":46,"column":26}},"32":{"start":{"line":49,"column":0},"end":{"line":57,"column":3}},"33":{"start":{"line":58,"column":0},"end":{"line":58,"column":25}}},"fnMap":{"0":{"name":"(anonymous_0)","decl":{"start":{"line":2,"column":56},"end":{"line":2,"column":57}},"loc":{"start":{"line":2,"column":71},"end":{"line":4,"column":1}},"line":2},"1":{"name":"(anonymous_1)","decl":{"start":{"line":13,"column":41},"end":{"line":13,"column":42}},"loc":{"start":{"line":13,"column":77},"end":{"line":24,"column":1}},"line":13},"2":{"name":"(anonymous_2)","decl":{"start":{"line":25,"column":33},"end":{"line":25,"column":34}},"loc":{"start":{"line":25,"column":55},"end":{"line":27,"column":1}},"line":25},"3":{"name":"(anonymous_3)","decl":{"start":{"line":28,"column":35},"end":{"line":28,"column":36}},"loc":{"start":{"line":28,"column":55},"end":{"line":31,"column":1}},"line":28},"4":{"name":"(anonymous_4)","decl":{"start":{"line":33,"column":64},"end":{"line":33,"column":65}},"loc":{"start":{"line":33,"column":84},"end":{"line":41,"column":1}},"line":33},"5":{"name":"(anonymous_5)","decl":{"start":{"line":42,"column":23},"end":{"line":42,"column":24}},"loc":{"start":{"line":42,"column":43},"end":{"line":48,"column":1}},"line":42},"6":{"name":"(anonymous_6)","decl":{"start":{"line":45,"column":24},"end":{"line":45,"column":25}},"loc":{"start":{"line":45,"column":39},"end":{"line":47,"column":5}},"line":45},"7":{"name":"(anonymous_7)","decl":{"start":{"line":49,"column":25},"end":{"line":49,"column":26}},"loc":{"start":{"line":49,"column":45},"end":{"line":57,"column":1}},"line":49}},"branchMap":{"0":{"loc":{"start":{"line":2,"column":22},"end":{"line":4,"column":1}},"type":"binary-expr","locations":[{"start":{"line":2,"column":23},"end":{"line":2,"column":27}},{"start":{"line":2,"column":31},"end":{"line":2,"column":51}},{"start":{"line":2,"column":56},"end":{"line":4,"column":1}}],"line":2},"1":{"loc":{"start":{"line":3,"column":11},"end":{"line":3,"column":61}},"type":"cond-expr","locations":[{"start":{"line":3,"column":37},"end":{"line":3,"column":40}},{"start":{"line":3,"column":43},"end":{"line":3,"column":61}}],"line":3},"2":{"loc":{"start":{"line":3,"column":12},"end":{"line":3,"column":33}},"type":"binary-expr","locations":[{"start":{"line":3,"column":12},"end":{"line":3,"column":15}},{"start":{"line":3,"column":19},"end":{"line":3,"column":33}}],"line":3},"3":{"loc":{"start":{"line":16,"column":4},"end":{"line":18,"column":5}},"type":"if","locations":[{"start":{"line":16,"column":4},"end":{"line":18,"column":5}},{"start":{"line":16,"column":4},"end":{"line":18,"column":5}}],"line":16},"4":{"loc":{"start":{"line":20,"column":4},"end":{"line":22,"column":5}},"type":"if","locations":[{"start":{"line":20,"column":4},"end":{"line":22,"column":5}},{"start":{"line":20,"column":4},"end":{"line":22,"column":5}}],"line":20},"5":{"loc":{"start":{"line":34,"column":4},"end":{"line":39,"column":5}},"type":"if","locations":[{"start":{"line":34,"column":4},"end":{"line":39,"column":5}},{"start":{"line":34,"column":4},"end":{"line":39,"column":5}}],"line":34}},"s":{"0":1,"1":3,"2":1,"3":1,"4":1,"5":1,"6":1,"7":1,"8":1,"9":1,"10":0,"11":0,"12":0,"13":0,"14":0,"15":0,"16":0,"17":1,"18":0,"19":1,"20":0,"21":0,"22":1,"23":0,"24":0,"25":0,"26":0,"27":1,"28":0,"29":0,"30":0,"31":0,"32":1,"33":1},"f":{"0":3,"1":0,"2":0,"3":0,"4":0,"5":0,"6":0,"7":0},"b":{"0":[1,1,1],"1":[0,3],"2":[3,3],"3":[0,0],"4":[0,0],"5":[0,0]},"inputSourceMap":{"version":3,"file":"C:/Users/indya/Documents/GitHub/analytics-challenge/backend/auth.ts","sources":["C:/Users/indya/Documents/GitHub/analytics-challenge/backend/auth.ts"],"names":[],"mappings":";;;;;AAAA,sDAA8B;AAC9B,sDAAgC;AAChC,oDAAqD;AAErD,uCAAoD;AAEpD,IAAM,aAAa,GAAG,OAAO,CAAC,gBAAgB,CAAC,CAAC,QAAQ,CAAC;AACzD,IAAM,MAAM,GAAG,iBAAO,CAAC,MAAM,EAAE,CAAC;AAEhC,wCAAwC;AACxC,kBAAQ,CAAC,GAAG,CACV,IAAI,aAAa,CAAC,UAAU,QAAgB,EAAE,QAAgB,EAAE,IAAc;IAC5E,IAAM,IAAI,GAAG,oBAAS,CAAC,UAAU,EAAE,QAAQ,CAAC,CAAC;IAE7C,IAAM,cAAc,GAAG,iCAAiC,CAAC;IACzD,IAAI,CAAC,IAAI,EAAE;QACT,OAAO,IAAI,CAAC,IAAI,EAAE,KAAK,EAAE,EAAE,OAAO,EAAE,cAAc,EAAE,CAAC,CAAC;KACvD;IAED,oBAAoB;IACpB,IAAI,CAAC,kBAAM,CAAC,WAAW,CAAC,QAAQ,EAAE,IAAI,CAAC,QAAQ,CAAC,EAAE;QAChD,OAAO,IAAI,CAAC,IAAI,EAAE,KAAK,EAAE,EAAE,OAAO,EAAE,cAAc,EAAE,CAAC,CAAC;KACvD;IAED,OAAO,IAAI,CAAC,IAAI,EAAE,IAAI,CAAC,CAAC;AAC1B,CAAC,CAAC,CACH,CAAC;AAEF,kBAAQ,CAAC,aAAa,CAAC,UAAU,IAAU,EAAE,IAAI;IAC/C,IAAI,CAAC,IAAI,EAAE,IAAI,CAAC,EAAE,CAAC,CAAC;AACtB,CAAC,CAAC,CAAC;AAEH,kBAAQ,CAAC,eAAe,CAAC,UAAU,EAAU,EAAE,IAAI;IACjD,IAAM,IAAI,GAAG,sBAAW,CAAC,EAAE,CAAC,CAAC;IAC7B,IAAI,CAAC,IAAI,EAAE,IAAI,CAAC,CAAC;AACnB,CAAC,CAAC,CAAC;AAEH,wBAAwB;AACxB,MAAM,CAAC,IAAI,CAAC,QAAQ,EAAE,kBAAQ,CAAC,YAAY,CAAC,OAAO,CAAC,EAAE,UAAC,GAAY,EAAE,GAAa;IAChF,IAAI,GAAG,CAAC,IAAI,CAAC,QAAQ,EAAE;QACrB,GAAG,CAAC,OAAQ,CAAC,MAAM,CAAC,MAAM,GAAG,EAAE,GAAG,EAAE,GAAG,EAAE,GAAG,IAAI,GAAG,EAAE,CAAC,CAAC,oBAAoB;KAC5E;SAAM;QACL,GAAG,CAAC,OAAQ,CAAC,MAAM,CAAC,OAAO,GAAG,KAAK,CAAC;KACrC;IAED,GAAG,CAAC,IAAI,CAAC,EAAE,IAAI,EAAE,GAAG,CAAC,IAAI,EAAE,CAAC,CAAC;AAC/B,CAAC,CAAC,CAAC;AAEH,MAAM,CAAC,IAAI,CAAC,SAAS,EAAE,UAAC,GAAY,EAAE,GAAa;IACjD,GAAG,CAAC,WAAW,CAAC,aAAa,CAAC,CAAC;IAC/B,GAAG,CAAC,MAAM,EAAE,CAAC;IACb,GAAG,CAAC,OAAQ,CAAC,OAAO,CAAC,UAAU,GAAG;QAChC,GAAG,CAAC,QAAQ,CAAC,GAAG,CAAC,CAAC;IACpB,CAAC,CAAC,CAAC;AACL,CAAC,CAAC,CAAC;AAEH,MAAM,CAAC,GAAG,CAAC,YAAY,EAAE,UAAC,GAAG,EAAE,GAAG;IAChC,0BAA0B;IAC1B,IAAI,CAAC,GAAG,CAAC,IAAI,EAAE;QACb,GAAG,CAAC,MAAM,CAAC,GAAG,CAAC,CAAC,IAAI,CAAC,EAAE,KAAK,EAAE,sBAAsB,EAAE,CAAC,CAAC;KACzD;SAAM;QACL,GAAG,CAAC,MAAM,CAAC,GAAG,CAAC,CAAC,IAAI,CAAC,EAAE,IAAI,EAAE,GAAG,CAAC,IAAI,EAAE,CAAC,CAAC;KAC1C;AACH,CAAC,CAAC,CAAC;AAEH,kBAAe,MAAM,CAAC","sourcesContent":["import bcrypt from \"bcryptjs\";\r\nimport passport from \"passport\";\r\nimport express, { Request, Response } from \"express\";\r\nimport { User } from \"../src/models/user\";\r\nimport { getUserBy, getUserById } from \"./database\";\r\n\r\nconst LocalStrategy = require(\"passport-local\").Strategy;\r\nconst router = express.Router();\r\n\r\n// configure passport for local strategy\r\npassport.use(\r\n  new LocalStrategy(function (username: string, password: string, done: Function) {\r\n    const user = getUserBy(\"username\", username);\r\n\r\n    const failureMessage = \"Incorrect username or password.\";\r\n    if (!user) {\r\n      return done(null, false, { message: failureMessage });\r\n    }\r\n\r\n    // validate password\r\n    if (!bcrypt.compareSync(password, user.password)) {\r\n      return done(null, false, { message: failureMessage });\r\n    }\r\n\r\n    return done(null, user);\r\n  })\r\n);\r\n\r\npassport.serializeUser(function (user: User, done) {\r\n  done(null, user.id);\r\n});\r\n\r\npassport.deserializeUser(function (id: string, done) {\r\n  const user = getUserById(id);\r\n  done(null, user);\r\n});\r\n\r\n// authentication routes\r\nrouter.post(\"/login\", passport.authenticate(\"local\"), (req: Request, res: Response): void => {\r\n  if (req.body.remember) {\r\n    req.session!.cookie.maxAge = 24 * 60 * 60 * 1000 * 30; // Expire in 30 days\r\n  } else {\r\n    req.session!.cookie.expires = false;\r\n  }\r\n\r\n  res.send({ user: req.user });\r\n});\r\n\r\nrouter.post(\"/logout\", (req: Request, res: Response): void => {\r\n  res.clearCookie(\"connect.sid\");\r\n  req.logout();\r\n  req.session!.destroy(function (err) {\r\n    res.redirect(\"/\");\r\n  });\r\n});\r\n\r\nrouter.get(\"/checkAuth\", (req, res) => {\r\n  /* istanbul ignore next */\r\n  if (!req.user) {\r\n    res.status(401).json({ error: \"User is unauthorized\" });\r\n  } else {\r\n    res.status(200).json({ user: req.user });\r\n  }\r\n});\r\n\r\nexport default router;\r\n"]},"_coverageSchema":"1a1c01bbd47fc00a2c39e90264f33305004495a9","hash":"af180c742ad2076c754f9aa88dd6d40c7f837642","contentHash":"ad6747884d693efa35211c3bad311ea52b24c28a23e99bf1e4e419610857536e"},"C:\\Users\\indya\\Documents\\GitHub\\analytics-challenge\\backend\\database.ts":{"path":"C:\\Users\\indya\\Documents\\GitHub\\analytics-challenge\\backend\\database.ts","statementMap":{"0":{"start":{"line":2,"column":15},"end":{"line":12,"column":1}},"1":{"start":{"line":3,"column":4},"end":{"line":10,"column":6}},"2":{"start":{"line":4,"column":8},"end":{"line":8,"column":9}},"3":{"start":{"line":4,"column":24},"end":{"line":4,"column":25}},"4":{"start":{"line":4,"column":31},"end":{"line":4,"column":47}},"5":{"start":{"line":5,"column":12},"end":{"line":5,"column":29}},"6":{"start":{"line":6,"column":12},"end":{"line":7,"column":28}},"7":{"start":{"line":6,"column":29},"end":{"line":7,"column":28}},"8":{"start":{"line":7,"column":16},"end":{"line":7,"column":28}},"9":{"start":{"line":9,"column":8},"end":{"line":9,"column":17}},"10":{"start":{"line":11,"column":4},"end":{"line":11,"column":43}},"11":{"start":{"line":13,"column":22},"end":{"line":15,"column":1}},"12":{"start":{"line":14,"column":4},"end":{"line":14,"column":62}},"13":{"start":{"line":16,"column":0},"end":{"line":16,"column":62}},"14":{"start":{"line":17,"column":0},"end":{"line":17,"column":3079}},"15":{"start":{"line":18,"column":13},"end":{"line":18,"column":45}},"16":{"start":{"line":19,"column":17},"end":{"line":19,"column":53}},"17":{"start":{"line":20,"column":11},"end":{"line":20,"column":41}},"18":{"start":{"line":21,"column":13},"end":{"line":21,"column":28}},"19":{"start":{"line":22,"column":11},"end":{"line":22,"column":31}},"20":{"start":{"line":23,"column":17},"end":{"line":23,"column":36}},"21":{"start":{"line":24,"column":14},"end":{"line":24,"column":47}},"22":{"start":{"line":25,"column":17},"end":{"line":25,"column":68}},"23":{"start":{"line":26,"column":16},"end":{"line":26,"column":51}},"24":{"start":{"line":27,"column":15},"end":{"line":27,"column":39}},"25":{"start":{"line":28,"column":16},"end":{"line":28,"column":51}},"26":{"start":{"line":29,"column":25},"end":{"line":29,"column":65}},"27":{"start":{"line":30,"column":17},"end":{"line":30,"column":24}},"28":{"start":{"line":31,"column":20},"end":{"line":31,"column":30}},"29":{"start":{"line":32,"column":25},"end":{"line":32,"column":39}},"30":{"start":{"line":33,"column":24},"end":{"line":33,"column":38}},"31":{"start":{"line":34,"column":17},"end":{"line":34,"column":24}},"32":{"start":{"line":35,"column":20},"end":{"line":35,"column":30}},"33":{"start":{"line":36,"column":25},"end":{"line":36,"column":40}},"34":{"start":{"line":37,"column":26},"end":{"line":37,"column":41}},"35":{"start":{"line":38,"column":18},"end":{"line":38,"column":26}},"36":{"start":{"line":39,"column":19},"end":{"line":39,"column":74}},"37":{"start":{"line":40,"column":14},"end":{"line":40,"column":50}},"38":{"start":{"line":41,"column":9},"end":{"line":41,"column":33}},"39":{"start":{"line":42,"column":0},"end":{"line":47,"column":2}},"40":{"start":{"line":43,"column":19},"end":{"line":43,"column":131}},"41":{"start":{"line":45,"column":4},"end":{"line":45,"column":34}},"42":{"start":{"line":46,"column":4},"end":{"line":46,"column":11}},"43":{"start":{"line":48,"column":0},"end":{"line":48,"column":73}},"44":{"start":{"line":48,"column":36},"end":{"line":48,"column":70}},"45":{"start":{"line":49,"column":0},"end":{"line":51,"column":2}},"46":{"start":{"line":50,"column":4},"end":{"line":50,"column":107}},"47":{"start":{"line":52,"column":0},"end":{"line":52,"column":79}},"48":{"start":{"line":52,"column":46},"end":{"line":52,"column":76}},"49":{"start":{"line":53,"column":0},"end":{"line":61,"column":2}},"50":{"start":{"line":55,"column":17},"end":{"line":59,"column":16}},"51":{"start":{"line":60,"column":4},"end":{"line":60,"column":18}},"52":{"start":{"line":62,"column":0},"end":{"line":70,"column":2}},"53":{"start":{"line":64,"column":17},"end":{"line":68,"column":16}},"54":{"start":{"line":69,"column":4},"end":{"line":69,"column":18}},"55":{"start":{"line":71,"column":0},"end":{"line":78,"column":2}},"56":{"start":{"line":72,"column":17},"end":{"line":76,"column":16}},"57":{"start":{"line":77,"column":4},"end":{"line":77,"column":18}},"58":{"start":{"line":80,"column":0},"end":{"line":80,"column":91}},"59":{"start":{"line":80,"column":46},"end":{"line":80,"column":88}},"60":{"start":{"line":81,"column":0},"end":{"line":84,"column":3}},"61":{"start":{"line":82,"column":15},"end":{"line":82,"column":52}},"62":{"start":{"line":83,"column":4},"end":{"line":83,"column":30}},"63":{"start":{"line":85,"column":0},"end":{"line":87,"column":2}},"64":{"start":{"line":86,"column":4},"end":{"line":86,"column":144}},"65":{"start":{"line":86,"column":113},"end":{"line":86,"column":132}},"66":{"start":{"line":88,"column":0},"end":{"line":93,"column":2}},"67":{"start":{"line":89,"column":16},"end":{"line":89,"column":37}},"68":{"start":{"line":90,"column":4},"end":{"line":92,"column":14}},"69":{"start":{"line":94,"column":0},"end":{"line":96,"column":2}},"70":{"start":{"line":95,"column":4},"end":{"line":95,"column":48}},"71":{"start":{"line":99,"column":0},"end":{"line":99,"column":92}},"72":{"start":{"line":99,"column":44},"end":{"line":99,"column":89}},"73":{"start":{"line":100,"column":0},"end":{"line":100,"column":56}},"74":{"start":{"line":100,"column":38},"end":{"line":100,"column":53}},"75":{"start":{"line":101,"column":0},"end":{"line":101,"column":76}},"76":{"start":{"line":101,"column":38},"end":{"line":101,"column":73}},"77":{"start":{"line":102,"column":0},"end":{"line":102,"column":100}},"78":{"start":{"line":102,"column":50},"end":{"line":102,"column":97}},"79":{"start":{"line":103,"column":0},"end":{"line":122,"column":2}},"80":{"start":{"line":104,"column":19},"end":{"line":104,"column":72}},"81":{"start":{"line":105,"column":15},"end":{"line":119,"column":5}},"82":{"start":{"line":120,"column":4},"end":{"line":120,"column":19}},"83":{"start":{"line":121,"column":4},"end":{"line":121,"column":16}},"84":{"start":{"line":123,"column":15},"end":{"line":125,"column":1}},"85":{"start":{"line":124,"column":4},"end":{"line":124,"column":42}},"86":{"start":{"line":126,"column":0},"end":{"line":129,"column":2}},"87":{"start":{"line":127,"column":15},"end":{"line":127,"column":42}},"88":{"start":{"line":128,"column":4},"end":{"line":128,"column":56}},"89":{"start":{"line":131,"column":0},"end":{"line":131,"column":75}},"90":{"start":{"line":131,"column":37},"end":{"line":131,"column":72}},"91":{"start":{"line":132,"column":0},"end":{"line":132,"column":94}},"92":{"start":{"line":132,"column":45},"end":{"line":132,"column":91}},"93":{"start":{"line":134,"column":0},"end":{"line":134,"column":78}},"94":{"start":{"line":134,"column":39},"end":{"line":134,"column":75}},"95":{"start":{"line":135,"column":0},"end":{"line":135,"column":98}},"96":{"start":{"line":135,"column":46},"end":{"line":135,"column":95}},"97":{"start":{"line":136,"column":0},"end":{"line":136,"column":96}},"98":{"start":{"line":136,"column":48},"end":{"line":136,"column":93}},"99":{"start":{"line":137,"column":0},"end":{"line":200,"column":2}},"100":{"start":{"line":139,"column":18},"end":{"line":143,"column":16}},"101":{"start":{"line":141,"column":35},"end":{"line":141,"column":66}},"102":{"start":{"line":144,"column":17},"end":{"line":148,"column":16}},"103":{"start":{"line":149,"column":19},"end":{"line":149,"column":21}},"104":{"start":{"line":151,"column":4},"end":{"line":153,"column":5}},"105":{"start":{"line":151,"column":17},"end":{"line":151,"column":24}},"106":{"start":{"line":152,"column":8},"end":{"line":152,"column":35}},"107":{"start":{"line":154,"column":26},"end":{"line":197,"column":6}},"108":{"start":{"line":156,"column":34},"end":{"line":156,"column":100}},"109":{"start":{"line":156,"column":67},"end":{"line":156,"column":97}},"110":{"start":{"line":157,"column":28},"end":{"line":157,"column":90}},"111":{"start":{"line":158,"column":30},"end":{"line":158,"column":62}},"112":{"start":{"line":160,"column":31},"end":{"line":167,"column":10}},"113":{"start":{"line":162,"column":26},"end":{"line":162,"column":45}},"114":{"start":{"line":163,"column":12},"end":{"line":166,"column":15}},"115":{"start":{"line":164,"column":31},"end":{"line":164,"column":50}},"116":{"start":{"line":165,"column":16},"end":{"line":165,"column":44}},"117":{"start":{"line":168,"column":30},"end":{"line":168,"column":32}},"118":{"start":{"line":169,"column":22},"end":{"line":183,"column":9}},"119":{"start":{"line":170,"column":32},"end":{"line":170,"column":34}},"120":{"start":{"line":171,"column":37},"end":{"line":171,"column":114}},"121":{"start":{"line":171,"column":78},"end":{"line":171,"column":111}},"122":{"start":{"line":172,"column":31},"end":{"line":174,"column":19}},"123":{"start":{"line":175,"column":30},"end":{"line":175,"column":70}},"124":{"start":{"line":176,"column":12},"end":{"line":181,"column":15}},"125":{"start":{"line":177,"column":39},"end":{"line":177,"column":58}},"126":{"start":{"line":178,"column":16},"end":{"line":180,"column":17}},"127":{"start":{"line":179,"column":20},"end":{"line":179,"column":57}},"128":{"start":{"line":182,"column":12},"end":{"line":182,"column":55}},"129":{"start":{"line":185,"column":8},"end":{"line":187,"column":9}},"130":{"start":{"line":185,"column":21},"end":{"line":185,"column":31}},"131":{"start":{"line":186,"column":12},"end":{"line":186,"column":23}},"132":{"start":{"line":188,"column":23},"end":{"line":188,"column":94}},"133":{"start":{"line":189,"column":37},"end":{"line":191,"column":30}},"134":{"start":{"line":190,"column":61},"end":{"line":190,"column":111}},"135":{"start":{"line":192,"column":8},"end":{"line":196,"column":10}},"136":{"start":{"line":198,"column":4},"end":{"line":198,"column":133}},"137":{"start":{"line":198,"column":54},"end":{"line":198,"column":75}},"138":{"start":{"line":198,"column":108},"end":{"line":198,"column":125}},"139":{"start":{"line":199,"column":4},"end":{"line":199,"column":27}},"140":{"start":{"line":202,"column":0},"end":{"line":202,"column":98}},"141":{"start":{"line":202,"column":47},"end":{"line":202,"column":95}},"142":{"start":{"line":203,"column":0},"end":{"line":203,"column":102}},"143":{"start":{"line":203,"column":48},"end":{"line":203,"column":99}},"144":{"start":{"line":204,"column":0},"end":{"line":206,"column":2}},"145":{"start":{"line":205,"column":4},"end":{"line":205,"column":106}},"146":{"start":{"line":207,"column":0},"end":{"line":207,"column":100}},"147":{"start":{"line":207,"column":50},"end":{"line":207,"column":97}},"148":{"start":{"line":208,"column":0},"end":{"line":212,"column":2}},"149":{"start":{"line":209,"column":4},"end":{"line":209,"column":48}},"150":{"start":{"line":211,"column":4},"end":{"line":211,"column":50}},"151":{"start":{"line":213,"column":0},"end":{"line":216,"column":2}},"152":{"start":{"line":214,"column":18},"end":{"line":214,"column":55}},"153":{"start":{"line":215,"column":4},"end":{"line":215,"column":50}},"154":{"start":{"line":217,"column":0},"end":{"line":230,"column":2}},"155":{"start":{"line":218,"column":20},"end":{"line":218,"column":39}},"156":{"start":{"line":219,"column":18},"end":{"line":226,"column":5}},"157":{"start":{"line":228,"column":17},"end":{"line":228,"column":47}},"158":{"start":{"line":229,"column":4},"end":{"line":229,"column":18}},"159":{"start":{"line":232,"column":0},"end":{"line":232,"column":107}},"160":{"start":{"line":232,"column":51},"end":{"line":232,"column":104}},"161":{"start":{"line":233,"column":0},"end":{"line":233,"column":90}},"162":{"start":{"line":233,"column":45},"end":{"line":233,"column":87}},"163":{"start":{"line":234,"column":0},"end":{"line":236,"column":2}},"164":{"start":{"line":235,"column":4},"end":{"line":235,"column":60}},"165":{"start":{"line":237,"column":0},"end":{"line":241,"column":2}},"166":{"start":{"line":238,"column":4},"end":{"line":238,"column":57}},"167":{"start":{"line":240,"column":4},"end":{"line":240,"column":58}},"168":{"start":{"line":242,"column":0},"end":{"line":258,"column":2}},"169":{"start":{"line":243,"column":20},"end":{"line":243,"column":39}},"170":{"start":{"line":244,"column":22},"end":{"line":254,"column":5}},"171":{"start":{"line":256,"column":17},"end":{"line":256,"column":55}},"172":{"start":{"line":257,"column":4},"end":{"line":257,"column":18}},"173":{"start":{"line":259,"column":0},"end":{"line":264,"column":2}},"174":{"start":{"line":260,"column":4},"end":{"line":263,"column":17}},"175":{"start":{"line":272,"column":0},"end":{"line":274,"column":2}},"176":{"start":{"line":273,"column":4},"end":{"line":273,"column":61}},"177":{"start":{"line":275,"column":0},"end":{"line":275,"column":110}},"178":{"start":{"line":275,"column":55},"end":{"line":275,"column":107}},"179":{"start":{"line":289,"column":0},"end":{"line":289,"column":106}},"180":{"start":{"line":289,"column":51},"end":{"line":289,"column":103}},"181":{"start":{"line":290,"column":0},"end":{"line":290,"column":90}},"182":{"start":{"line":290,"column":45},"end":{"line":290,"column":87}},"183":{"start":{"line":291,"column":0},"end":{"line":291,"column":106}},"184":{"start":{"line":291,"column":50},"end":{"line":291,"column":103}},"185":{"start":{"line":292,"column":0},"end":{"line":294,"column":2}},"186":{"start":{"line":293,"column":4},"end":{"line":293,"column":87}},"187":{"start":{"line":295,"column":0},"end":{"line":297,"column":2}},"188":{"start":{"line":296,"column":4},"end":{"line":296,"column":115}},"189":{"start":{"line":298,"column":0},"end":{"line":298,"column":133}},"190":{"start":{"line":298,"column":49},"end":{"line":298,"column":130}},"191":{"start":{"line":299,"column":0},"end":{"line":309,"column":2}},"192":{"start":{"line":300,"column":19},"end":{"line":300,"column":62}},"193":{"start":{"line":301,"column":17},"end":{"line":301,"column":58}},"194":{"start":{"line":302,"column":23},"end":{"line":302,"column":73}},"195":{"start":{"line":303,"column":21},"end":{"line":303,"column":69}},"196":{"start":{"line":304,"column":16},"end":{"line":304,"column":63}},"197":{"start":{"line":305,"column":19},"end":{"line":305,"column":69}},"198":{"start":{"line":306,"column":4},"end":{"line":308,"column":43}},"199":{"start":{"line":310,"column":0},"end":{"line":312,"column":2}},"200":{"start":{"line":311,"column":4},"end":{"line":311,"column":212}},"201":{"start":{"line":311,"column":50},"end":{"line":311,"column":90}},"202":{"start":{"line":311,"column":147},"end":{"line":311,"column":207}},"203":{"start":{"line":313,"column":0},"end":{"line":326,"column":3}},"204":{"start":{"line":314,"column":35},"end":{"line":314,"column":97}},"205":{"start":{"line":315,"column":22},"end":{"line":315,"column":55}},"206":{"start":{"line":316,"column":27},"end":{"line":319,"column":6}},"207":{"start":{"line":320,"column":4},"end":{"line":324,"column":5}},"208":{"start":{"line":321,"column":17},"end":{"line":321,"column":61}},"209":{"start":{"line":321,"column":80},"end":{"line":321,"column":97}},"210":{"start":{"line":321,"column":114},"end":{"line":321,"column":129}},"211":{"start":{"line":322,"column":17},"end":{"line":322,"column":63}},"212":{"start":{"line":322,"column":77},"end":{"line":322,"column":89}},"213":{"start":{"line":322,"column":103},"end":{"line":322,"column":115}},"214":{"start":{"line":323,"column":8},"end":{"line":323,"column":171}},"215":{"start":{"line":325,"column":4},"end":{"line":325,"column":28}},"216":{"start":{"line":327,"column":0},"end":{"line":332,"column":3}},"217":{"start":{"line":328,"column":4},"end":{"line":330,"column":5}},"218":{"start":{"line":329,"column":8},"end":{"line":329,"column":28}},"219":{"start":{"line":331,"column":4},"end":{"line":331,"column":128}},"220":{"start":{"line":331,"column":48},"end":{"line":331,"column":110}},"221":{"start":{"line":333,"column":0},"end":{"line":343,"column":3}},"222":{"start":{"line":334,"column":4},"end":{"line":336,"column":5}},"223":{"start":{"line":335,"column":8},"end":{"line":335,"column":28}},"224":{"start":{"line":337,"column":4},"end":{"line":342,"column":21}},"225":{"start":{"line":338,"column":8},"end":{"line":341,"column":11}},"226":{"start":{"line":344,"column":0},"end":{"line":346,"column":3}},"227":{"start":{"line":345,"column":4},"end":{"line":345,"column":95}},"228":{"start":{"line":347,"column":0},"end":{"line":349,"column":2}},"229":{"start":{"line":348,"column":4},"end":{"line":348,"column":85}},"230":{"start":{"line":350,"column":0},"end":{"line":352,"column":2}},"231":{"start":{"line":351,"column":4},"end":{"line":351,"column":170}},"232":{"start":{"line":351,"column":65},"end":{"line":351,"column":127}},"233":{"start":{"line":353,"column":0},"end":{"line":353,"column":93}},"234":{"start":{"line":353,"column":54},"end":{"line":353,"column":90}},"235":{"start":{"line":354,"column":0},"end":{"line":356,"column":2}},"236":{"start":{"line":355,"column":4},"end":{"line":355,"column":96}},"237":{"start":{"line":357,"column":0},"end":{"line":360,"column":2}},"238":{"start":{"line":358,"column":33},"end":{"line":358,"column":74}},"239":{"start":{"line":359,"column":4},"end":{"line":359,"column":160}},"240":{"start":{"line":359,"column":92},"end":{"line":359,"column":153}},"241":{"start":{"line":361,"column":0},"end":{"line":363,"column":2}},"242":{"start":{"line":362,"column":4},"end":{"line":362,"column":109}},"243":{"start":{"line":364,"column":0},"end":{"line":367,"column":6}},"244":{"start":{"line":364,"column":63},"end":{"line":367,"column":3}},"245":{"start":{"line":368,"column":0},"end":{"line":383,"column":2}},"246":{"start":{"line":369,"column":4},"end":{"line":382,"column":5}},"247":{"start":{"line":370,"column":17},"end":{"line":370,"column":61}},"248":{"start":{"line":370,"column":80},"end":{"line":370,"column":97}},"249":{"start":{"line":370,"column":114},"end":{"line":370,"column":129}},"250":{"start":{"line":371,"column":17},"end":{"line":371,"column":63}},"251":{"start":{"line":371,"column":77},"end":{"line":371,"column":89}},"252":{"start":{"line":371,"column":103},"end":{"line":371,"column":115}},"253":{"start":{"line":372,"column":8},"end":{"line":375,"column":10}},"254":{"start":{"line":378,"column":8},"end":{"line":381,"column":10}},"255":{"start":{"line":384,"column":0},"end":{"line":384,"column":46}},"256":{"start":{"line":385,"column":0},"end":{"line":393,"column":2}},"257":{"start":{"line":386,"column":4},"end":{"line":392,"column":5}},"258":{"start":{"line":387,"column":8},"end":{"line":387,"column":106}},"259":{"start":{"line":394,"column":0},"end":{"line":396,"column":2}},"260":{"start":{"line":395,"column":4},"end":{"line":395,"column":117}},"261":{"start":{"line":407,"column":0},"end":{"line":409,"column":3}},"262":{"start":{"line":408,"column":4},"end":{"line":408,"column":80}},"263":{"start":{"line":410,"column":0},"end":{"line":441,"column":2}},"264":{"start":{"line":411,"column":17},"end":{"line":411,"column":44}},"265":{"start":{"line":412,"column":19},"end":{"line":412,"column":69}},"266":{"start":{"line":413,"column":22},"end":{"line":426,"column":5}},"267":{"start":{"line":427,"column":27},"end":{"line":427,"column":55}},"268":{"start":{"line":429,"column":4},"end":{"line":439,"column":5}},"269":{"start":{"line":430,"column":8},"end":{"line":430,"column":56}},"270":{"start":{"line":431,"column":8},"end":{"line":431,"column":59}},"271":{"start":{"line":432,"column":8},"end":{"line":434,"column":11}},"272":{"start":{"line":435,"column":8},"end":{"line":435,"column":127}},"273":{"start":{"line":438,"column":8},"end":{"line":438,"column":128}},"274":{"start":{"line":440,"column":4},"end":{"line":440,"column":28}},"275":{"start":{"line":442,"column":22},"end":{"line":446,"column":1}},"276":{"start":{"line":443,"column":4},"end":{"line":443,"column":56}},"277":{"start":{"line":445,"column":4},"end":{"line":445,"column":58}},"278":{"start":{"line":447,"column":0},"end":{"line":460,"column":2}},"279":{"start":{"line":448,"column":22},"end":{"line":448,"column":67}},"280":{"start":{"line":449,"column":19},"end":{"line":449,"column":39}},"281":{"start":{"line":449,"column":54},"end":{"line":449,"column":76}},"282":{"start":{"line":450,"column":17},"end":{"line":450,"column":46}},"283":{"start":{"line":451,"column":19},"end":{"line":451,"column":50}},"284":{"start":{"line":453,"column":4},"end":{"line":458,"column":5}},"285":{"start":{"line":454,"column":8},"end":{"line":454,"column":58}},"286":{"start":{"line":455,"column":8},"end":{"line":455,"column":57}},"287":{"start":{"line":456,"column":8},"end":{"line":456,"column":59}},"288":{"start":{"line":457,"column":8},"end":{"line":457,"column":125}},"289":{"start":{"line":459,"column":4},"end":{"line":459,"column":70}},"290":{"start":{"line":462,"column":0},"end":{"line":462,"column":92}},"291":{"start":{"line":462,"column":44},"end":{"line":462,"column":89}},"292":{"start":{"line":463,"column":0},"end":{"line":463,"column":92}},"293":{"start":{"line":463,"column":43},"end":{"line":463,"column":89}},"294":{"start":{"line":464,"column":0},"end":{"line":464,"column":76}},"295":{"start":{"line":464,"column":38},"end":{"line":464,"column":73}},"296":{"start":{"line":465,"column":0},"end":{"line":465,"column":127}},"297":{"start":{"line":465,"column":61},"end":{"line":465,"column":124}},"298":{"start":{"line":466,"column":0},"end":{"line":477,"column":2}},"299":{"start":{"line":467,"column":15},"end":{"line":474,"column":5}},"300":{"start":{"line":475,"column":20},"end":{"line":475,"column":34}},"301":{"start":{"line":476,"column":4},"end":{"line":476,"column":21}},"302":{"start":{"line":478,"column":0},"end":{"line":492,"column":2}},"303":{"start":{"line":479,"column":13},"end":{"line":479,"column":54}},"304":{"start":{"line":479,"column":67},"end":{"line":479,"column":78}},"305":{"start":{"line":479,"column":93},"end":{"line":479,"column":106}},"306":{"start":{"line":480,"column":15},"end":{"line":480,"column":56}},"307":{"start":{"line":493,"column":15},"end":{"line":497,"column":1}},"308":{"start":{"line":494,"column":4},"end":{"line":494,"column":42}},"309":{"start":{"line":496,"column":4},"end":{"line":496,"column":40}},"310":{"start":{"line":499,"column":0},"end":{"line":499,"column":98}},"311":{"start":{"line":499,"column":47},"end":{"line":499,"column":95}},"312":{"start":{"line":500,"column":0},"end":{"line":500,"column":98}},"313":{"start":{"line":500,"column":46},"end":{"line":500,"column":95}},"314":{"start":{"line":501,"column":0},"end":{"line":501,"column":82}},"315":{"start":{"line":501,"column":41},"end":{"line":501,"column":79}},"316":{"start":{"line":502,"column":0},"end":{"line":504,"column":2}},"317":{"start":{"line":503,"column":4},"end":{"line":503,"column":70}},"318":{"start":{"line":505,"column":0},"end":{"line":517,"column":2}},"319":{"start":{"line":506,"column":18},"end":{"line":514,"column":5}},"320":{"start":{"line":515,"column":23},"end":{"line":515,"column":43}},"321":{"start":{"line":516,"column":4},"end":{"line":516,"column":24}},"322":{"start":{"line":518,"column":0},"end":{"line":532,"column":2}},"323":{"start":{"line":519,"column":13},"end":{"line":519,"column":54}},"324":{"start":{"line":519,"column":67},"end":{"line":519,"column":78}},"325":{"start":{"line":519,"column":93},"end":{"line":519,"column":106}},"326":{"start":{"line":520,"column":18},"end":{"line":520,"column":71}},"327":{"start":{"line":533,"column":18},"end":{"line":537,"column":1}},"328":{"start":{"line":534,"column":4},"end":{"line":534,"column":48}},"329":{"start":{"line":536,"column":4},"end":{"line":536,"column":46}},"330":{"start":{"line":539,"column":0},"end":{"line":541,"column":2}},"331":{"start":{"line":540,"column":4},"end":{"line":540,"column":57}},"332":{"start":{"line":542,"column":0},"end":{"line":544,"column":2}},"333":{"start":{"line":543,"column":4},"end":{"line":543,"column":58}},"334":{"start":{"line":545,"column":0},"end":{"line":547,"column":2}},"335":{"start":{"line":546,"column":4},"end":{"line":546,"column":130}},"336":{"start":{"line":548,"column":0},"end":{"line":561,"column":2}},"337":{"start":{"line":549,"column":23},"end":{"line":558,"column":5}},"338":{"start":{"line":559,"column":4},"end":{"line":559,"column":35}},"339":{"start":{"line":560,"column":4},"end":{"line":560,"column":24}},"340":{"start":{"line":562,"column":0},"end":{"line":575,"column":2}},"341":{"start":{"line":563,"column":23},"end":{"line":572,"column":5}},"342":{"start":{"line":573,"column":4},"end":{"line":573,"column":35}},"343":{"start":{"line":574,"column":4},"end":{"line":574,"column":24}},"344":{"start":{"line":576,"column":0},"end":{"line":589,"column":2}},"345":{"start":{"line":577,"column":23},"end":{"line":586,"column":5}},"346":{"start":{"line":587,"column":4},"end":{"line":587,"column":35}},"347":{"start":{"line":588,"column":4},"end":{"line":588,"column":24}},"348":{"start":{"line":590,"column":23},"end":{"line":592,"column":1}},"349":{"start":{"line":591,"column":4},"end":{"line":591,"column":58}},"350":{"start":{"line":593,"column":0},"end":{"line":608,"column":2}},"351":{"start":{"line":594,"column":4},"end":{"line":607,"column":7}},"352":{"start":{"line":595,"column":8},"end":{"line":606,"column":9}},"353":{"start":{"line":596,"column":12},"end":{"line":596,"column":94}},"354":{"start":{"line":598,"column":13},"end":{"line":606,"column":9}},"355":{"start":{"line":599,"column":12},"end":{"line":599,"column":91}},"356":{"start":{"line":609,"column":0},"end":{"line":612,"column":2}},"357":{"start":{"line":610,"column":23},"end":{"line":610,"column":70}},"358":{"start":{"line":611,"column":4},"end":{"line":611,"column":72}},"359":{"start":{"line":613,"column":0},"end":{"line":628,"column":2}},"360":{"start":{"line":614,"column":23},"end":{"line":614,"column":70}},"361":{"start":{"line":615,"column":22},"end":{"line":615,"column":76}},"362":{"start":{"line":616,"column":4},"end":{"line":618,"column":5}},"363":{"start":{"line":617,"column":8},"end":{"line":617,"column":72}},"364":{"start":{"line":619,"column":4},"end":{"line":622,"column":5}},"365":{"start":{"line":620,"column":19},"end":{"line":620,"column":59}},"366":{"start":{"line":621,"column":8},"end":{"line":621,"column":63}},"367":{"start":{"line":623,"column":4},"end":{"line":626,"column":5}},"368":{"start":{"line":624,"column":22},"end":{"line":624,"column":68}},"369":{"start":{"line":625,"column":8},"end":{"line":625,"column":66}},"370":{"start":{"line":627,"column":4},"end":{"line":627,"column":66}},"371":{"start":{"line":629,"column":0},"end":{"line":631,"column":2}},"372":{"start":{"line":630,"column":4},"end":{"line":630,"column":218}},"373":{"start":{"line":630,"column":51},"end":{"line":630,"column":92}},"374":{"start":{"line":630,"column":151},"end":{"line":630,"column":213}},"375":{"start":{"line":643,"column":0},"end":{"line":643,"column":108}},"376":{"start":{"line":643,"column":54},"end":{"line":643,"column":105}},"377":{"start":{"line":658,"column":14},"end":{"line":658,"column":27}},"378":{"start":{"line":659,"column":14},"end":{"line":659,"column":28}},"379":{"start":{"line":660,"column":13},"end":{"line":660,"column":25}},"380":{"start":{"line":661,"column":14},"end":{"line":661,"column":24}},"381":{"start":{"line":663,"column":14},"end":{"line":663,"column":48}},"382":{"start":{"line":664,"column":15},"end":{"line":664,"column":17}},"383":{"start":{"line":665,"column":4},"end":{"line":669,"column":5}},"384":{"start":{"line":665,"column":17},"end":{"line":665,"column":18}},"385":{"start":{"line":666,"column":19},"end":{"line":666,"column":47}},"386":{"start":{"line":667,"column":18},"end":{"line":667,"column":83}},"387":{"start":{"line":668,"column":8},"end":{"line":668,"column":23}},"388":{"start":{"line":670,"column":4},"end":{"line":670,"column":16}},"389":{"start":{"line":673,"column":15},"end":{"line":673,"column":96}},"390":{"start":{"line":674,"column":14},"end":{"line":674,"column":16}},"391":{"start":{"line":675,"column":4},"end":{"line":679,"column":5}},"392":{"start":{"line":675,"column":17},"end":{"line":675,"column":18}},"393":{"start":{"line":676,"column":19},"end":{"line":676,"column":49}},"394":{"start":{"line":677,"column":18},"end":{"line":677,"column":95}},"395":{"start":{"line":678,"column":8},"end":{"line":678,"column":22}},"396":{"start":{"line":680,"column":4},"end":{"line":680,"column":15}},"397":{"start":{"line":682,"column":0},"end":{"line":723,"column":2}},"398":{"start":{"line":683,"column":15},"end":{"line":683,"column":25}},"399":{"start":{"line":684,"column":17},"end":{"line":684,"column":32}},"400":{"start":{"line":685,"column":21},"end":{"line":685,"column":76}},"401":{"start":{"line":686,"column":19},"end":{"line":686,"column":45}},"402":{"start":{"line":687,"column":23},"end":{"line":695,"column":16}},"403":{"start":{"line":689,"column":35},"end":{"line":689,"column":100}},"404":{"start":{"line":690,"column":34},"end":{"line":690,"column":59}},"405":{"start":{"line":692,"column":19},"end":{"line":692,"column":39}},"406":{"start":{"line":693,"column":8},"end":{"line":693,"column":81}},"407":{"start":{"line":696,"column":19},"end":{"line":696,"column":45}},"408":{"start":{"line":697,"column":4},"end":{"line":699,"column":5}},"409":{"start":{"line":698,"column":8},"end":{"line":698,"column":67}},"410":{"start":{"line":700,"column":20},"end":{"line":707,"column":6}},"411":{"start":{"line":701,"column":20},"end":{"line":704,"column":52}},"412":{"start":{"line":702,"column":23},"end":{"line":702,"column":39}},"413":{"start":{"line":703,"column":12},"end":{"line":703,"column":85}},"414":{"start":{"line":705,"column":8},"end":{"line":705,"column":74}},"415":{"start":{"line":706,"column":8},"end":{"line":706,"column":21}},"416":{"start":{"line":708,"column":4},"end":{"line":714,"column":7}},"417":{"start":{"line":709,"column":8},"end":{"line":712,"column":9}},"418":{"start":{"line":710,"column":23},"end":{"line":710,"column":51}},"419":{"start":{"line":711,"column":12},"end":{"line":711,"column":39}},"420":{"start":{"line":713,"column":8},"end":{"line":713,"column":32}},"421":{"start":{"line":715,"column":20},"end":{"line":715,"column":22}},"422":{"start":{"line":716,"column":4},"end":{"line":721,"column":7}},"423":{"start":{"line":717,"column":19},"end":{"line":717,"column":41}},"424":{"start":{"line":718,"column":8},"end":{"line":718,"column":38}},"425":{"start":{"line":719,"column":8},"end":{"line":719,"column":42}},"426":{"start":{"line":720,"column":8},"end":{"line":720,"column":29}},"427":{"start":{"line":722,"column":4},"end":{"line":722,"column":21}},"428":{"start":{"line":724,"column":0},"end":{"line":761,"column":2}},"429":{"start":{"line":725,"column":17},"end":{"line":725,"column":33}},"430":{"start":{"line":726,"column":23},"end":{"line":734,"column":16}},"431":{"start":{"line":728,"column":35},"end":{"line":728,"column":120}},"432":{"start":{"line":729,"column":34},"end":{"line":729,"column":59}},"433":{"start":{"line":731,"column":19},"end":{"line":731,"column":39}},"434":{"start":{"line":732,"column":8},"end":{"line":732,"column":93}},"435":{"start":{"line":735,"column":19},"end":{"line":735,"column":44}},"436":{"start":{"line":736,"column":4},"end":{"line":738,"column":5}},"437":{"start":{"line":737,"column":8},"end":{"line":737,"column":70}},"438":{"start":{"line":739,"column":20},"end":{"line":745,"column":6}},"439":{"start":{"line":740,"column":20},"end":{"line":743,"column":52}},"440":{"start":{"line":741,"column":23},"end":{"line":741,"column":39}},"441":{"start":{"line":742,"column":12},"end":{"line":742,"column":97}},"442":{"start":{"line":744,"column":8},"end":{"line":744,"column":21}},"443":{"start":{"line":746,"column":4},"end":{"line":752,"column":7}},"444":{"start":{"line":747,"column":8},"end":{"line":750,"column":9}},"445":{"start":{"line":748,"column":23},"end":{"line":748,"column":51}},"446":{"start":{"line":749,"column":12},"end":{"line":749,"column":39}},"447":{"start":{"line":751,"column":8},"end":{"line":751,"column":32}},"448":{"start":{"line":753,"column":20},"end":{"line":753,"column":22}},"449":{"start":{"line":754,"column":4},"end":{"line":759,"column":7}},"450":{"start":{"line":755,"column":19},"end":{"line":755,"column":41}},"451":{"start":{"line":756,"column":8},"end":{"line":756,"column":38}},"452":{"start":{"line":757,"column":8},"end":{"line":757,"column":42}},"453":{"start":{"line":758,"column":8},"end":{"line":758,"column":29}},"454":{"start":{"line":760,"column":4},"end":{"line":760,"column":21}},"455":{"start":{"line":762,"column":0},"end":{"line":769,"column":2}},"456":{"start":{"line":763,"column":23},"end":{"line":767,"column":16}},"457":{"start":{"line":765,"column":35},"end":{"line":765,"column":75}},"458":{"start":{"line":766,"column":34},"end":{"line":766,"column":59}},"459":{"start":{"line":768,"column":4},"end":{"line":768,"column":24}},"460":{"start":{"line":770,"column":0},"end":{"line":778,"column":2}},"461":{"start":{"line":771,"column":23},"end":{"line":776,"column":16}},"462":{"start":{"line":773,"column":35},"end":{"line":773,"column":79}},"463":{"start":{"line":774,"column":34},"end":{"line":774,"column":59}},"464":{"start":{"line":777,"column":4},"end":{"line":777,"column":24}},"465":{"start":{"line":779,"column":0},"end":{"line":779,"column":21}}},"fnMap":{"0":{"name":"(anonymous_0)","decl":{"start":{"line":2,"column":42},"end":{"line":2,"column":43}},"loc":{"start":{"line":2,"column":54},"end":{"line":12,"column":1}},"line":2},"1":{"name":"(anonymous_1)","decl":{"start":{"line":3,"column":32},"end":{"line":3,"column":33}},"loc":{"start":{"line":3,"column":44},"end":{"line":10,"column":5}},"line":3},"2":{"name":"(anonymous_2)","decl":{"start":{"line":13,"column":56},"end":{"line":13,"column":57}},"loc":{"start":{"line":13,"column":71},"end":{"line":15,"column":1}},"line":13},"3":{"name":"(anonymous_3)","decl":{"start":{"line":42,"column":23},"end":{"line":42,"column":24}},"loc":{"start":{"line":42,"column":35},"end":{"line":47,"column":1}},"line":42},"4":{"name":"(anonymous_4)","decl":{"start":{"line":48,"column":22},"end":{"line":48,"column":23}},"loc":{"start":{"line":48,"column":34},"end":{"line":48,"column":72}},"line":48},"5":{"name":"(anonymous_5)","decl":{"start":{"line":49,"column":35},"end":{"line":49,"column":36}},"loc":{"start":{"line":49,"column":47},"end":{"line":51,"column":1}},"line":49},"6":{"name":"(anonymous_6)","decl":{"start":{"line":52,"column":26},"end":{"line":52,"column":27}},"loc":{"start":{"line":52,"column":44},"end":{"line":52,"column":78}},"line":52},"7":{"name":"(anonymous_7)","decl":{"start":{"line":53,"column":19},"end":{"line":53,"column":20}},"loc":{"start":{"line":53,"column":49},"end":{"line":61,"column":1}},"line":53},"8":{"name":"(anonymous_8)","decl":{"start":{"line":62,"column":16},"end":{"line":62,"column":17}},"loc":{"start":{"line":62,"column":46},"end":{"line":70,"column":1}},"line":62},"9":{"name":"(anonymous_9)","decl":{"start":{"line":71,"column":22},"end":{"line":71,"column":23}},"loc":{"start":{"line":71,"column":47},"end":{"line":78,"column":1}},"line":71},"10":{"name":"(anonymous_10)","decl":{"start":{"line":80,"column":27},"end":{"line":80,"column":28}},"loc":{"start":{"line":80,"column":44},"end":{"line":80,"column":90}},"line":80},"11":{"name":"(anonymous_11)","decl":{"start":{"line":81,"column":33},"end":{"line":81,"column":34}},"loc":{"start":{"line":81,"column":66},"end":{"line":84,"column":1}},"line":81},"12":{"name":"(anonymous_12)","decl":{"start":{"line":85,"column":24},"end":{"line":85,"column":25}},"loc":{"start":{"line":85,"column":57},"end":{"line":87,"column":1}},"line":85},"13":{"name":"(anonymous_13)","decl":{"start":{"line":86,"column":93},"end":{"line":86,"column":94}},"loc":{"start":{"line":86,"column":111},"end":{"line":86,"column":134}},"line":86},"14":{"name":"(anonymous_14)","decl":{"start":{"line":88,"column":22},"end":{"line":88,"column":23}},"loc":{"start":{"line":88,"column":39},"end":{"line":93,"column":1}},"line":88},"15":{"name":"(anonymous_15)","decl":{"start":{"line":94,"column":32},"end":{"line":94,"column":33}},"loc":{"start":{"line":94,"column":59},"end":{"line":96,"column":1}},"line":94},"16":{"name":"(anonymous_16)","decl":{"start":{"line":99,"column":20},"end":{"line":99,"column":21}},"loc":{"start":{"line":99,"column":42},"end":{"line":99,"column":91}},"line":99},"17":{"name":"(anonymous_17)","decl":{"start":{"line":100,"column":20},"end":{"line":100,"column":21}},"loc":{"start":{"line":100,"column":36},"end":{"line":100,"column":55}},"line":100},"18":{"name":"(anonymous_18)","decl":{"start":{"line":101,"column":22},"end":{"line":101,"column":23}},"loc":{"start":{"line":101,"column":36},"end":{"line":101,"column":75}},"line":101},"19":{"name":"(anonymous_19)","decl":{"start":{"line":102,"column":28},"end":{"line":102,"column":29}},"loc":{"start":{"line":102,"column":48},"end":{"line":102,"column":99}},"line":102},"20":{"name":"(anonymous_20)","decl":{"start":{"line":103,"column":21},"end":{"line":103,"column":22}},"loc":{"start":{"line":103,"column":44},"end":{"line":122,"column":1}},"line":103},"21":{"name":"(anonymous_21)","decl":{"start":{"line":123,"column":15},"end":{"line":123,"column":16}},"loc":{"start":{"line":123,"column":31},"end":{"line":125,"column":1}},"line":123},"22":{"name":"(anonymous_22)","decl":{"start":{"line":126,"column":25},"end":{"line":126,"column":26}},"loc":{"start":{"line":126,"column":50},"end":{"line":129,"column":1}},"line":126},"23":{"name":"(anonymous_23)","decl":{"start":{"line":131,"column":23},"end":{"line":131,"column":24}},"loc":{"start":{"line":131,"column":35},"end":{"line":131,"column":74}},"line":131},"24":{"name":"(anonymous_24)","decl":{"start":{"line":132,"column":21},"end":{"line":132,"column":22}},"loc":{"start":{"line":132,"column":43},"end":{"line":132,"column":93}},"line":132},"25":{"name":"(anonymous_25)","decl":{"start":{"line":134,"column":23},"end":{"line":134,"column":24}},"loc":{"start":{"line":134,"column":37},"end":{"line":134,"column":77}},"line":134},"26":{"name":"(anonymous_26)","decl":{"start":{"line":135,"column":22},"end":{"line":135,"column":23}},"loc":{"start":{"line":135,"column":44},"end":{"line":135,"column":97}},"line":135},"27":{"name":"(anonymous_27)","decl":{"start":{"line":136,"column":28},"end":{"line":136,"column":29}},"loc":{"start":{"line":136,"column":46},"end":{"line":136,"column":95}},"line":136},"28":{"name":"(anonymous_28)","decl":{"start":{"line":137,"column":29},"end":{"line":137,"column":30}},"loc":{"start":{"line":137,"column":41},"end":{"line":200,"column":1}},"line":137},"29":{"name":"(anonymous_29)","decl":{"start":{"line":141,"column":16},"end":{"line":141,"column":17}},"loc":{"start":{"line":141,"column":33},"end":{"line":141,"column":68}},"line":141},"30":{"name":"(anonymous_30)","decl":{"start":{"line":154,"column":39},"end":{"line":154,"column":40}},"loc":{"start":{"line":154,"column":70},"end":{"line":197,"column":5}},"line":154},"31":{"name":"(anonymous_31)","decl":{"start":{"line":156,"column":47},"end":{"line":156,"column":48}},"loc":{"start":{"line":156,"column":65},"end":{"line":156,"column":99}},"line":156},"32":{"name":"(anonymous_32)","decl":{"start":{"line":161,"column":20},"end":{"line":161,"column":21}},"loc":{"start":{"line":161,"column":34},"end":{"line":167,"column":9}},"line":161},"33":{"name":"(anonymous_33)","decl":{"start":{"line":163,"column":40},"end":{"line":163,"column":41}},"loc":{"start":{"line":163,"column":54},"end":{"line":166,"column":13}},"line":163},"34":{"name":"(anonymous_34)","decl":{"start":{"line":169,"column":22},"end":{"line":169,"column":23}},"loc":{"start":{"line":169,"column":35},"end":{"line":183,"column":9}},"line":169},"35":{"name":"(anonymous_35)","decl":{"start":{"line":171,"column":59},"end":{"line":171,"column":60}},"loc":{"start":{"line":171,"column":76},"end":{"line":171,"column":113}},"line":171},"36":{"name":"(anonymous_36)","decl":{"start":{"line":176,"column":32},"end":{"line":176,"column":33}},"loc":{"start":{"line":176,"column":46},"end":{"line":181,"column":13}},"line":176},"37":{"name":"(anonymous_37)","decl":{"start":{"line":190,"column":34},"end":{"line":190,"column":35}},"loc":{"start":{"line":190,"column":59},"end":{"line":190,"column":113}},"line":190},"38":{"name":"(anonymous_38)","decl":{"start":{"line":198,"column":36},"end":{"line":198,"column":37}},"loc":{"start":{"line":198,"column":52},"end":{"line":198,"column":77}},"line":198},"39":{"name":"(anonymous_39)","decl":{"start":{"line":198,"column":86},"end":{"line":198,"column":87}},"loc":{"start":{"line":198,"column":106},"end":{"line":198,"column":127}},"line":198},"40":{"name":"(anonymous_40)","decl":{"start":{"line":202,"column":23},"end":{"line":202,"column":24}},"loc":{"start":{"line":202,"column":45},"end":{"line":202,"column":97}},"line":202},"41":{"name":"(anonymous_41)","decl":{"start":{"line":203,"column":24},"end":{"line":203,"column":25}},"loc":{"start":{"line":203,"column":46},"end":{"line":203,"column":101}},"line":203},"42":{"name":"(anonymous_42)","decl":{"start":{"line":204,"column":32},"end":{"line":204,"column":33}},"loc":{"start":{"line":204,"column":52},"end":{"line":206,"column":1}},"line":204},"43":{"name":"(anonymous_43)","decl":{"start":{"line":207,"column":30},"end":{"line":207,"column":31}},"loc":{"start":{"line":207,"column":48},"end":{"line":207,"column":99}},"line":207},"44":{"name":"(anonymous_44)","decl":{"start":{"line":208,"column":24},"end":{"line":208,"column":25}},"loc":{"start":{"line":208,"column":43},"end":{"line":212,"column":1}},"line":208},"45":{"name":"(anonymous_45)","decl":{"start":{"line":213,"column":28},"end":{"line":213,"column":29}},"loc":{"start":{"line":213,"column":49},"end":{"line":216,"column":1}},"line":213},"46":{"name":"(anonymous_46)","decl":{"start":{"line":217,"column":31},"end":{"line":217,"column":32}},"loc":{"start":{"line":217,"column":64},"end":{"line":230,"column":1}},"line":217},"47":{"name":"(anonymous_47)","decl":{"start":{"line":232,"column":27},"end":{"line":232,"column":28}},"loc":{"start":{"line":232,"column":49},"end":{"line":232,"column":106}},"line":232},"48":{"name":"(anonymous_48)","decl":{"start":{"line":233,"column":29},"end":{"line":233,"column":30}},"loc":{"start":{"line":233,"column":43},"end":{"line":233,"column":89}},"line":233},"49":{"name":"(anonymous_49)","decl":{"start":{"line":234,"column":28},"end":{"line":234,"column":29}},"loc":{"start":{"line":234,"column":50},"end":{"line":236,"column":1}},"line":234},"50":{"name":"(anonymous_50)","decl":{"start":{"line":237,"column":28},"end":{"line":237,"column":29}},"loc":{"start":{"line":237,"column":51},"end":{"line":241,"column":1}},"line":237},"51":{"name":"(anonymous_51)","decl":{"start":{"line":242,"column":35},"end":{"line":242,"column":36}},"loc":{"start":{"line":242,"column":69},"end":{"line":258,"column":1}},"line":242},"52":{"name":"(anonymous_52)","decl":{"start":{"line":259,"column":32},"end":{"line":259,"column":33}},"loc":{"start":{"line":259,"column":57},"end":{"line":264,"column":1}},"line":259},"53":{"name":"(anonymous_53)","decl":{"start":{"line":272,"column":29},"end":{"line":272,"column":30}},"loc":{"start":{"line":272,"column":51},"end":{"line":274,"column":1}},"line":272},"54":{"name":"(anonymous_54)","decl":{"start":{"line":275,"column":35},"end":{"line":275,"column":36}},"loc":{"start":{"line":275,"column":53},"end":{"line":275,"column":109}},"line":275},"55":{"name":"(anonymous_55)","decl":{"start":{"line":289,"column":27},"end":{"line":289,"column":28}},"loc":{"start":{"line":289,"column":49},"end":{"line":289,"column":105}},"line":289},"56":{"name":"(anonymous_56)","decl":{"start":{"line":290,"column":29},"end":{"line":290,"column":30}},"loc":{"start":{"line":290,"column":43},"end":{"line":290,"column":89}},"line":290},"57":{"name":"(anonymous_57)","decl":{"start":{"line":291,"column":31},"end":{"line":291,"column":32}},"loc":{"start":{"line":291,"column":48},"end":{"line":291,"column":105}},"line":291},"58":{"name":"(anonymous_58)","decl":{"start":{"line":292,"column":35},"end":{"line":292,"column":36}},"loc":{"start":{"line":292,"column":49},"end":{"line":294,"column":1}},"line":292},"59":{"name":"(anonymous_59)","decl":{"start":{"line":295,"column":39},"end":{"line":295,"column":40}},"loc":{"start":{"line":295,"column":64},"end":{"line":297,"column":1}},"line":295},"60":{"name":"(anonymous_60)","decl":{"start":{"line":298,"column":29},"end":{"line":298,"column":30}},"loc":{"start":{"line":298,"column":47},"end":{"line":298,"column":132}},"line":298},"61":{"name":"(anonymous_61)","decl":{"start":{"line":299,"column":42},"end":{"line":299,"column":43}},"loc":{"start":{"line":299,"column":65},"end":{"line":309,"column":1}},"line":299},"62":{"name":"(anonymous_62)","decl":{"start":{"line":310,"column":43},"end":{"line":310,"column":44}},"loc":{"start":{"line":310,"column":67},"end":{"line":312,"column":1}},"line":310},"63":{"name":"(anonymous_63)","decl":{"start":{"line":311,"column":25},"end":{"line":311,"column":26}},"loc":{"start":{"line":311,"column":48},"end":{"line":311,"column":92}},"line":311},"64":{"name":"(anonymous_64)","decl":{"start":{"line":311,"column":122},"end":{"line":311,"column":123}},"loc":{"start":{"line":311,"column":145},"end":{"line":311,"column":209}},"line":311},"65":{"name":"(anonymous_65)","decl":{"start":{"line":313,"column":52},"end":{"line":313,"column":53}},"loc":{"start":{"line":313,"column":77},"end":{"line":326,"column":1}},"line":313},"66":{"name":"(anonymous_66)","decl":{"start":{"line":327,"column":51},"end":{"line":327,"column":52}},"loc":{"start":{"line":327,"column":97},"end":{"line":332,"column":1}},"line":327},"67":{"name":"(anonymous_67)","decl":{"start":{"line":331,"column":23},"end":{"line":331,"column":24}},"loc":{"start":{"line":331,"column":46},"end":{"line":331,"column":112}},"line":331},"68":{"name":"(anonymous_68)","decl":{"start":{"line":333,"column":49},"end":{"line":333,"column":50}},"loc":{"start":{"line":333,"column":103},"end":{"line":343,"column":1}},"line":333},"69":{"name":"(anonymous_69)","decl":{"start":{"line":337,"column":23},"end":{"line":337,"column":24}},"loc":{"start":{"line":337,"column":46},"end":{"line":342,"column":5}},"line":337},"70":{"name":"(anonymous_70)","decl":{"start":{"line":344,"column":49},"end":{"line":344,"column":50}},"loc":{"start":{"line":344,"column":74},"end":{"line":346,"column":1}},"line":344},"71":{"name":"(anonymous_71)","decl":{"start":{"line":347,"column":31},"end":{"line":347,"column":32}},"loc":{"start":{"line":347,"column":49},"end":{"line":349,"column":1}},"line":347},"72":{"name":"(anonymous_72)","decl":{"start":{"line":350,"column":41},"end":{"line":350,"column":42}},"loc":{"start":{"line":350,"column":66},"end":{"line":352,"column":1}},"line":350},"73":{"name":"(anonymous_73)","decl":{"start":{"line":351,"column":42},"end":{"line":351,"column":43}},"loc":{"start":{"line":351,"column":63},"end":{"line":351,"column":129}},"line":351},"74":{"name":"(anonymous_74)","decl":{"start":{"line":353,"column":28},"end":{"line":353,"column":29}},"loc":{"start":{"line":353,"column":52},"end":{"line":353,"column":92}},"line":353},"75":{"name":"(anonymous_75)","decl":{"start":{"line":354,"column":36},"end":{"line":354,"column":37}},"loc":{"start":{"line":354,"column":54},"end":{"line":356,"column":1}},"line":354},"76":{"name":"(anonymous_76)","decl":{"start":{"line":357,"column":39},"end":{"line":357,"column":40}},"loc":{"start":{"line":357,"column":57},"end":{"line":360,"column":1}},"line":357},"77":{"name":"(anonymous_77)","decl":{"start":{"line":359,"column":67},"end":{"line":359,"column":68}},"loc":{"start":{"line":359,"column":90},"end":{"line":359,"column":155}},"line":359},"78":{"name":"(anonymous_78)","decl":{"start":{"line":361,"column":48},"end":{"line":361,"column":49}},"loc":{"start":{"line":361,"column":66},"end":{"line":363,"column":1}},"line":361},"79":{"name":"(anonymous_79)","decl":{"start":{"line":364,"column":43},"end":{"line":364,"column":44}},"loc":{"start":{"line":364,"column":61},"end":{"line":367,"column":5}},"line":364},"80":{"name":"(anonymous_80)","decl":{"start":{"line":368,"column":39},"end":{"line":368,"column":40}},"loc":{"start":{"line":368,"column":64},"end":{"line":383,"column":1}},"line":368},"81":{"name":"(anonymous_81)","decl":{"start":{"line":385,"column":29},"end":{"line":385,"column":30}},"loc":{"start":{"line":385,"column":58},"end":{"line":393,"column":1}},"line":385},"82":{"name":"(anonymous_82)","decl":{"start":{"line":394,"column":30},"end":{"line":394,"column":31}},"loc":{"start":{"line":394,"column":59},"end":{"line":396,"column":1}},"line":394},"83":{"name":"(anonymous_83)","decl":{"start":{"line":407,"column":39},"end":{"line":407,"column":40}},"loc":{"start":{"line":407,"column":66},"end":{"line":409,"column":1}},"line":407},"84":{"name":"(anonymous_84)","decl":{"start":{"line":410,"column":28},"end":{"line":410,"column":29}},"loc":{"start":{"line":410,"column":83},"end":{"line":441,"column":1}},"line":410},"85":{"name":"(anonymous_85)","decl":{"start":{"line":442,"column":22},"end":{"line":442,"column":23}},"loc":{"start":{"line":442,"column":45},"end":{"line":446,"column":1}},"line":442},"86":{"name":"(anonymous_86)","decl":{"start":{"line":447,"column":32},"end":{"line":447,"column":33}},"loc":{"start":{"line":447,"column":64},"end":{"line":460,"column":1}},"line":447},"87":{"name":"(anonymous_87)","decl":{"start":{"line":462,"column":20},"end":{"line":462,"column":21}},"loc":{"start":{"line":462,"column":42},"end":{"line":462,"column":91}},"line":462},"88":{"name":"(anonymous_88)","decl":{"start":{"line":463,"column":24},"end":{"line":463,"column":25}},"loc":{"start":{"line":463,"column":41},"end":{"line":463,"column":91}},"line":463},"89":{"name":"(anonymous_89)","decl":{"start":{"line":464,"column":22},"end":{"line":464,"column":23}},"loc":{"start":{"line":464,"column":36},"end":{"line":464,"column":75}},"line":464},"90":{"name":"(anonymous_90)","decl":{"start":{"line":465,"column":34},"end":{"line":465,"column":35}},"loc":{"start":{"line":465,"column":59},"end":{"line":465,"column":126}},"line":465},"91":{"name":"(anonymous_91)","decl":{"start":{"line":466,"column":21},"end":{"line":466,"column":22}},"loc":{"start":{"line":466,"column":54},"end":{"line":477,"column":1}},"line":466},"92":{"name":"(anonymous_92)","decl":{"start":{"line":478,"column":22},"end":{"line":478,"column":23}},"loc":{"start":{"line":478,"column":55},"end":{"line":492,"column":1}},"line":478},"93":{"name":"(anonymous_93)","decl":{"start":{"line":493,"column":15},"end":{"line":493,"column":16}},"loc":{"start":{"line":493,"column":31},"end":{"line":497,"column":1}},"line":493},"94":{"name":"(anonymous_94)","decl":{"start":{"line":499,"column":23},"end":{"line":499,"column":24}},"loc":{"start":{"line":499,"column":45},"end":{"line":499,"column":97}},"line":499},"95":{"name":"(anonymous_95)","decl":{"start":{"line":500,"column":27},"end":{"line":500,"column":28}},"loc":{"start":{"line":500,"column":44},"end":{"line":500,"column":97}},"line":500},"96":{"name":"(anonymous_96)","decl":{"start":{"line":501,"column":25},"end":{"line":501,"column":26}},"loc":{"start":{"line":501,"column":39},"end":{"line":501,"column":81}},"line":501},"97":{"name":"(anonymous_97)","decl":{"start":{"line":502,"column":37},"end":{"line":502,"column":38}},"loc":{"start":{"line":502,"column":62},"end":{"line":504,"column":1}},"line":502},"98":{"name":"(anonymous_98)","decl":{"start":{"line":505,"column":24},"end":{"line":505,"column":25}},"loc":{"start":{"line":505,"column":66},"end":{"line":517,"column":1}},"line":505},"99":{"name":"(anonymous_99)","decl":{"start":{"line":518,"column":25},"end":{"line":518,"column":26}},"loc":{"start":{"line":518,"column":67},"end":{"line":532,"column":1}},"line":518},"100":{"name":"(anonymous_100)","decl":{"start":{"line":533,"column":18},"end":{"line":533,"column":19}},"loc":{"start":{"line":533,"column":37},"end":{"line":537,"column":1}},"line":533},"101":{"name":"(anonymous_101)","decl":{"start":{"line":539,"column":28},"end":{"line":539,"column":29}},"loc":{"start":{"line":539,"column":50},"end":{"line":541,"column":1}},"line":539},"102":{"name":"(anonymous_102)","decl":{"start":{"line":542,"column":32},"end":{"line":542,"column":33}},"loc":{"start":{"line":542,"column":49},"end":{"line":544,"column":1}},"line":542},"103":{"name":"(anonymous_103)","decl":{"start":{"line":545,"column":41},"end":{"line":545,"column":42}},"loc":{"start":{"line":545,"column":59},"end":{"line":547,"column":1}},"line":545},"104":{"name":"(anonymous_104)","decl":{"start":{"line":548,"column":36},"end":{"line":548,"column":37}},"loc":{"start":{"line":548,"column":77},"end":{"line":561,"column":1}},"line":548},"105":{"name":"(anonymous_105)","decl":{"start":{"line":562,"column":33},"end":{"line":562,"column":34}},"loc":{"start":{"line":562,"column":74},"end":{"line":575,"column":1}},"line":562},"106":{"name":"(anonymous_106)","decl":{"start":{"line":576,"column":36},"end":{"line":576,"column":37}},"loc":{"start":{"line":576,"column":80},"end":{"line":589,"column":1}},"line":576},"107":{"name":"(anonymous_107)","decl":{"start":{"line":590,"column":23},"end":{"line":590,"column":24}},"loc":{"start":{"line":590,"column":47},"end":{"line":592,"column":1}},"line":590},"108":{"name":"(anonymous_108)","decl":{"start":{"line":593,"column":30},"end":{"line":593,"column":31}},"loc":{"start":{"line":593,"column":63},"end":{"line":608,"column":1}},"line":593},"109":{"name":"(anonymous_109)","decl":{"start":{"line":594,"column":33},"end":{"line":594,"column":34}},"loc":{"start":{"line":594,"column":49},"end":{"line":607,"column":5}},"line":594},"110":{"name":"(anonymous_110)","decl":{"start":{"line":609,"column":33},"end":{"line":609,"column":34}},"loc":{"start":{"line":609,"column":74},"end":{"line":612,"column":1}},"line":609},"111":{"name":"(anonymous_111)","decl":{"start":{"line":613,"column":43},"end":{"line":613,"column":44}},"loc":{"start":{"line":613,"column":67},"end":{"line":628,"column":1}},"line":613},"112":{"name":"(anonymous_112)","decl":{"start":{"line":629,"column":44},"end":{"line":629,"column":45}},"loc":{"start":{"line":629,"column":69},"end":{"line":631,"column":1}},"line":629},"113":{"name":"(anonymous_113)","decl":{"start":{"line":630,"column":25},"end":{"line":630,"column":26}},"loc":{"start":{"line":630,"column":49},"end":{"line":630,"column":94}},"line":630},"114":{"name":"(anonymous_114)","decl":{"start":{"line":630,"column":125},"end":{"line":630,"column":126}},"loc":{"start":{"line":630,"column":149},"end":{"line":630,"column":215}},"line":630},"115":{"name":"(anonymous_115)","decl":{"start":{"line":643,"column":34},"end":{"line":643,"column":35}},"loc":{"start":{"line":643,"column":52},"end":{"line":643,"column":107}},"line":643},"116":{"name":"generateWeekObject","decl":{"start":{"line":662,"column":9},"end":{"line":662,"column":27}},"loc":{"start":{"line":662,"column":36},"end":{"line":671,"column":1}},"line":662},"117":{"name":"generateDayObject","decl":{"start":{"line":672,"column":9},"end":{"line":672,"column":26}},"loc":{"start":{"line":672,"column":35},"end":{"line":681,"column":1}},"line":672},"118":{"name":"(anonymous_118)","decl":{"start":{"line":682,"column":33},"end":{"line":682,"column":34}},"loc":{"start":{"line":682,"column":51},"end":{"line":723,"column":1}},"line":682},"119":{"name":"(anonymous_119)","decl":{"start":{"line":689,"column":16},"end":{"line":689,"column":17}},"loc":{"start":{"line":689,"column":33},"end":{"line":689,"column":102}},"line":689},"120":{"name":"(anonymous_120)","decl":{"start":{"line":690,"column":14},"end":{"line":690,"column":15}},"loc":{"start":{"line":690,"column":32},"end":{"line":690,"column":61}},"line":690},"121":{"name":"(anonymous_121)","decl":{"start":{"line":691,"column":17},"end":{"line":691,"column":18}},"loc":{"start":{"line":691,"column":34},"end":{"line":694,"column":5}},"line":691},"122":{"name":"(anonymous_122)","decl":{"start":{"line":700,"column":46},"end":{"line":700,"column":47}},"loc":{"start":{"line":700,"column":61},"end":{"line":707,"column":5}},"line":700},"123":{"name":"(anonymous_123)","decl":{"start":{"line":701,"column":33},"end":{"line":701,"column":34}},"loc":{"start":{"line":701,"column":46},"end":{"line":704,"column":9}},"line":701},"124":{"name":"(anonymous_124)","decl":{"start":{"line":708,"column":30},"end":{"line":708,"column":31}},"loc":{"start":{"line":708,"column":52},"end":{"line":714,"column":5}},"line":708},"125":{"name":"(anonymous_125)","decl":{"start":{"line":716,"column":22},"end":{"line":716,"column":23}},"loc":{"start":{"line":716,"column":35},"end":{"line":721,"column":5}},"line":716},"126":{"name":"(anonymous_126)","decl":{"start":{"line":724,"column":32},"end":{"line":724,"column":33}},"loc":{"start":{"line":724,"column":50},"end":{"line":761,"column":1}},"line":724},"127":{"name":"(anonymous_127)","decl":{"start":{"line":728,"column":16},"end":{"line":728,"column":17}},"loc":{"start":{"line":728,"column":33},"end":{"line":728,"column":122}},"line":728},"128":{"name":"(anonymous_128)","decl":{"start":{"line":729,"column":14},"end":{"line":729,"column":15}},"loc":{"start":{"line":729,"column":32},"end":{"line":729,"column":61}},"line":729},"129":{"name":"(anonymous_129)","decl":{"start":{"line":730,"column":17},"end":{"line":730,"column":18}},"loc":{"start":{"line":730,"column":34},"end":{"line":733,"column":5}},"line":730},"130":{"name":"(anonymous_130)","decl":{"start":{"line":739,"column":46},"end":{"line":739,"column":47}},"loc":{"start":{"line":739,"column":61},"end":{"line":745,"column":5}},"line":739},"131":{"name":"(anonymous_131)","decl":{"start":{"line":740,"column":33},"end":{"line":740,"column":34}},"loc":{"start":{"line":740,"column":46},"end":{"line":743,"column":9}},"line":740},"132":{"name":"(anonymous_132)","decl":{"start":{"line":746,"column":30},"end":{"line":746,"column":31}},"loc":{"start":{"line":746,"column":52},"end":{"line":752,"column":5}},"line":746},"133":{"name":"(anonymous_133)","decl":{"start":{"line":754,"column":22},"end":{"line":754,"column":23}},"loc":{"start":{"line":754,"column":35},"end":{"line":759,"column":5}},"line":754},"134":{"name":"(anonymous_134)","decl":{"start":{"line":762,"column":26},"end":{"line":762,"column":27}},"loc":{"start":{"line":762,"column":38},"end":{"line":769,"column":1}},"line":762},"135":{"name":"(anonymous_135)","decl":{"start":{"line":765,"column":16},"end":{"line":765,"column":17}},"loc":{"start":{"line":765,"column":33},"end":{"line":765,"column":77}},"line":765},"136":{"name":"(anonymous_136)","decl":{"start":{"line":766,"column":14},"end":{"line":766,"column":15}},"loc":{"start":{"line":766,"column":32},"end":{"line":766,"column":61}},"line":766},"137":{"name":"(anonymous_137)","decl":{"start":{"line":770,"column":25},"end":{"line":770,"column":26}},"loc":{"start":{"line":770,"column":37},"end":{"line":778,"column":1}},"line":770},"138":{"name":"(anonymous_138)","decl":{"start":{"line":773,"column":16},"end":{"line":773,"column":17}},"loc":{"start":{"line":773,"column":33},"end":{"l
[...]
1},"end":{"line":11,"column":61}},"type":"cond-expr","locations":[{"start":{"line":11,"column":37},"end":{"line":11,"column":40}},{"start":{"line":11,"column":43},"end":{"line":11,"column":61}}],"line":11},"3":{"loc":{"start":{"line":11,"column":12},"end":{"line":11,"column":33}},"type":"binary-expr","locations":[{"start":{"line":11,"column":12},"end":{"line":11,"column":15}},{"start":{"line":11,"column":19},"end":{"line":11,"column":33}}],"line":11}},"s":{"0":1,"1":1,"2":1,"3":1,"4":1,"5":1,"6":1,"7":1,"8":1,"9":1,"10":1,"11":1,"12":1,"13":1,"14":1,"15":1,"16":1,"17":1,"18":1,"19":1,"20":1,"21":1,"22":1,"23":1,"24":1,"25":0,"26":0,"27":1,"28":0,"29":0,"30":0,"31":0,"32":1},"f":{"0":1,"1":1,"2":0,"3":0},"b":{"0":[1,1,1],"1":[1,1,1],"2":[0,1],"3":[1,1]},"inputSourceMap":{"version":3,"file":"C:/Users/indya/Documents/GitHub/analytics-challenge/backend/testdata-routes.ts","sources":["C:/Users/indya/Documents/GitHub/analytics-challenge/backend/testdata-routes.ts"],"names":[],"mappings":";AAAA,gCAAgC;;;;;;;;;;;;AAEhC,oDAA8B;AAC9B,uCAA2D;AAC3D,qCAA+C;AAC/C,2CAAsD;AAEtD,IAAM,MAAM,GAAG,iBAAO,CAAC,MAAM,EAAE,CAAC;AAEhC,SAAS;AAET,qBAAqB;AACrB,MAAM,CAAC,IAAI,CAAC,OAAO,EAAE,UAAC,GAAG,EAAE,GAAG;IAC5B,uBAAY,EAAE,CAAC;IACf,GAAG,CAAC,UAAU,CAAC,GAAG,CAAC,CAAC;AACtB,CAAC,CAAC,CAAC;AAEH,uBAAuB;AACvB,MAAM,CAAC,GAAG,CAAC,UAAU,EAAE,4BAAkB,gBAAK,mCAAsB,EAAE,EAAE,UAAC,GAAG,EAAE,GAAG;IACvE,IAAA,MAAM,GAAK,GAAG,CAAC,MAAM,OAAf,CAAgB;IAC9B,IAAM,OAAO,GAAG,0BAAe,CAAC,MAAwB,CAAC,CAAC;IAE1D,GAAG,CAAC,MAAM,CAAC,GAAG,CAAC,CAAC;IAChB,GAAG,CAAC,IAAI,CAAC,EAAE,OAAO,SAAA,EAAE,CAAC,CAAC;AACxB,CAAC,CAAC,CAAC;AAEH,kBAAe,MAAM,CAAC","sourcesContent":["///<reference path=\"types.ts\" />\r\n\r\nimport express from \"express\";\r\nimport { getAllForEntity, seedDatabase } from \"./database\";\r\nimport { validateMiddleware } from \"./helpers\";\r\nimport { isValidEntityValidator } from \"./validators\";\r\nimport { DbSchema } from \"../src/models/db-schema\";\r\nconst router = express.Router();\r\n\r\n// Routes\r\n\r\n//POST /testData/seed\r\nrouter.post(\"/seed\", (req, res) => {\r\n  seedDatabase();\r\n  res.sendStatus(200);\r\n});\r\n\r\n//GET /testData/:entity\r\nrouter.get(\"/:entity\", validateMiddleware([...isValidEntityValidator]), (req, res) => {\r\n  const { entity } = req.params;\r\n  const results = getAllForEntity(entity as keyof DbSchema);\r\n\r\n  res.status(200);\r\n  res.json({ results });\r\n});\r\n\r\nexport default router;\r\n"]},"_coverageSchema":"1a1c01bbd47fc00a2c39e90264f33305004495a9","hash":"cf073a19d21fcf1b6c06057fca46353b01f5902e","contentHash":"caba5d387b81be8520deb275e047b2de09ed9029e079aef7dba2923c4d2298ee"},"C:\\Users\\indya\\Documents\\GitHub\\analytics-challenge\\backend\\event-routes.ts":{"path":"C:\\Users\\indya\\Documents\\GitHub\\analytics-challenge\\backend\\event-routes.ts","statementMap":{"0":{"start":{"line":3,"column":22},"end":{"line":5,"column":1}},"1":{"start":{"line":4,"column":4},"end":{"line":4,"column":62}},"2":{"start":{"line":6,"column":0},"end":{"line":6,"column":62}},"3":{"start":{"line":7,"column":16},"end":{"line":7,"column":51}},"4":{"start":{"line":8,"column":17},"end":{"line":8,"column":38}},"5":{"start":{"line":9,"column":17},"end":{"line":9,"column":38}},"6":{"start":{"line":10,"column":16},"end":{"line":10,"column":36}},"7":{"start":{"line":11,"column":19},"end":{"line":11,"column":42}},"8":{"start":{"line":12,"column":13},"end":{"line":12,"column":39}},"9":{"start":{"line":13,"column":0},"end":{"line":16,"column":3}},"10":{"start":{"line":14,"column":20},"end":{"line":14,"column":45}},"11":{"start":{"line":15,"column":4},"end":{"line":15,"column":24}},"12":{"start":{"line":17,"column":0},"end":{"line":42,"column":3}},"13":{"start":{"line":18,"column":18},"end":{"line":18,"column":27}},"14":{"start":{"line":19,"column":19},"end":{"line":19,"column":44}},"15":{"start":{"line":20,"column":15},"end":{"line":20,"column":48}},"16":{"start":{"line":21,"column":4},"end":{"line":26,"column":5}},"17":{"start":{"line":22,"column":20},"end":{"line":22,"column":51}},"18":{"start":{"line":23,"column":8},"end":{"line":25,"column":11}},"19":{"start":{"line":24,"column":12},"end":{"line":24,"column":53}},"20":{"start":{"line":27,"column":4},"end":{"line":29,"column":5}},"21":{"start":{"line":28,"column":8},"end":{"line":28,"column":93}},"22":{"start":{"line":28,"column":54},"end":{"line":28,"column":89}},"23":{"start":{"line":30,"column":4},"end":{"line":32,"column":5}},"24":{"start":{"line":31,"column":8},"end":{"line":31,"column":99}},"25":{"start":{"line":31,"column":54},"end":{"line":31,"column":95}},"26":{"start":{"line":33,"column":4},"end":{"line":37,"column":5}},"27":{"start":{"line":34,"column":8},"end":{"line":36,"column":11}},"28":{"start":{"line":35,"column":12},"end":{"line":35,"column":86}},"29":{"start":{"line":38,"column":4},"end":{"line":41,"column":7}},"30":{"start":{"line":43,"column":0},"end":{"line":50,"column":3}},"31":{"start":{"line":44,"column":18},"end":{"line":44,"column":36}},"32":{"start":{"line":48,"column":4},"end":{"line":48,"column":20}},"33":{"start":{"line":49,"column":4},"end":{"line":49,"column":31}},"34":{"start":{"line":51,"column":0},"end":{"line":54,"column":3}},"35":{"start":{"line":52,"column":26},"end":{"line":52,"column":57}},"36":{"start":{"line":53,"column":4},"end":{"line":53,"column":30}},"37":{"start":{"line":55,"column":0},"end":{"line":55,"column":25}}},"fnMap":{"0":{"name":"(anonymous_0)","decl":{"start":{"line":3,"column":56},"end":{"line":3,"column":57}},"loc":{"start":{"line":3,"column":71},"end":{"line":5,"column":1}},"line":3},"1":{"name":"(anonymous_1)","decl":{"start":{"line":13,"column":19},"end":{"line":13,"column":20}},"loc":{"start":{"line":13,"column":39},"end":{"line":16,"column":1}},"line":13},"2":{"name":"(anonymous_2)","decl":{"start":{"line":17,"column":28},"end":{"line":17,"column":29}},"loc":{"start":{"line":17,"column":48},"end":{"line":42,"column":1}},"line":17},"3":{"name":"(anonymous_3)","decl":{"start":{"line":23,"column":35},"end":{"line":23,"column":36}},"loc":{"start":{"line":23,"column":52},"end":{"line":25,"column":9}},"line":23},"4":{"name":"(anonymous_4)","decl":{"start":{"line":28,"column":35},"end":{"line":28,"column":36}},"loc":{"start":{"line":28,"column":52},"end":{"line":28,"column":91}},"line":28},"5":{"name":"(anonymous_5)","decl":{"start":{"line":31,"column":35},"end":{"line":31,"column":36}},"loc":{"start":{"line":31,"column":52},"end":{"line":31,"column":97}},"line":31},"6":{"name":"(anonymous_6)","decl":{"start":{"line":34,"column":22},"end":{"line":34,"column":23}},"loc":{"start":{"line":34,"column":40},"end":{"line":36,"column":9}},"line":34},"7":{"name":"(anonymous_7)","decl":{"start":{"line":43,"column":130},"end":{"line":43,"column":131}},"loc":{"start":{"line":43,"column":150},"end":{"line":50,"column":1}},"line":43},"8":{"name":"(anonymous_8)","decl":{"start":{"line":51,"column":16},"end":{"line":51,"column":17}},"loc":{"start":{"line":51,"column":36},"end":{"line":54,"column":1}},"line":51}},"branchMap":{"0":{"loc":{"start":{"line":3,"column":22},"end":{"line":5,"column":1}},"type":"binary-expr","locations":[{"start":{"line":3,"column":23},"end":{"line":3,"column":27}},{"start":{"line":3,"column":31},"end":{"line":3,"column":51}},{"start":{"line":3,"column":56},"end":{"line":5,"column":1}}],"line":3},"1":{"loc":{"start":{"line":4,"column":11},"end":{"line":4,"column":61}},"type":"cond-expr","locations":[{"start":{"line":4,"column":37},"end":{"line":4,"column":40}},{"start":{"line":4,"column":43},"end":{"line":4,"column":61}}],"line":4},"2":{"loc":{"start":{"line":4,"column":12},"end":{"line":4,"column":33}},"type":"binary-expr","locations":[{"start":{"line":4,"column":12},"end":{"line":4,"column":15}},{"start":{"line":4,"column":19},"end":{"line":4,"column":33}}],"line":4},"3":{"loc":{"start":{"line":21,"column":4},"end":{"line":26,"column":5}},"type":"if","locations":[{"start":{"line":21,"column":4},"end":{"line":26,"column":5}},{"start":{"line":21,"column":4},"end":{"line":26,"column":5}}],"line":21},"4":{"loc":{"start":{"line":27,"column":4},"end":{"line":29,"column":5}},"type":"if","locations":[{"start":{"line":27,"column":4},"end":{"line":29,"column":5}},{"start":{"line":27,"column":4},"end":{"line":29,"column":5}}],"line":27},"5":{"loc":{"start":{"line":30,"column":4},"end":{"line":32,"column":5}},"type":"if","locations":[{"start":{"line":30,"column":4},"end":{"line":32,"column":5}},{"start":{"line":30,"column":4},"end":{"line":32,"column":5}}],"line":30},"6":{"loc":{"start":{"line":33,"column":4},"end":{"line":37,"column":5}},"type":"if","locations":[{"start":{"line":33,"column":4},"end":{"line":37,"column":5}},{"start":{"line":33,"column":4},"end":{"line":37,"column":5}}],"line":33},"7":{"loc":{"start":{"line":35,"column":19},"end":{"line":35,"column":85}},"type":"cond-expr","locations":[{"start":{"line":35,"column":48},"end":{"line":35,"column":65}},{"start":{"line":35,"column":68},"end":{"line":35,"column":85}}],"line":35}},"s":{"0":1,"1":1,"2":1,"3":1,"4":1,"5":1,"6":1,"7":1,"8":1,"9":1,"10":0,"11":0,"12":1,"13":4,"14":4,"15":4,"16":4,"17":0,"18":0,"19":0,"20":4,"21":0,"22":0,"23":4,"24":0,"25":0,"26":4,"27":0,"28":0,"29":4,"30":1,"31":0,"32":0,"33":0,"34":1,"35":4,"36":4,"37":1},"f":{"0":1,"1":0,"2":4,"3":0,"4":0,"5":0,"6":0,"7":0,"8":4},"b":{"0":[1,1,1],"1":[0,1],"2":[1,1],"3":[0,4],"4":[0,4],"5":[0,4],"6":[0,4],"7":[0,0]},"inputSourceMap":{"version":3,"file":"C:/Users/indya/Documents/GitHub/analytics-challenge/backend/event-routes.ts","sources":["C:/Users/indya/Documents/GitHub/analytics-challenge/backend/event-routes.ts"],"names":[],"mappings":";AAAA,gCAAgC;;;;;AAEhC,oDAA8B;AAG9B,uCAA0C;AAE1C,uCASoB;AAEpB,qCAAoE;AACpE,2CAKsB;AACtB,IAAM,MAAM,GAAG,iBAAO,CAAC,MAAM,EAAE,CAAC;AAahC,MAAM,CAAC,GAAG,CAAC,MAAM,EAAE,UAAC,GAAY,EAAE,GAAa;IAC7C,IAAM,SAAS,GAAY,uBAAY,EAAE,CAAC;IAE1C,GAAG,CAAC,IAAI,CAAC,SAAS,CAAC,CAAC;AACtB,CAAC,CAAC,CAAC;AAEH,MAAM,CAAC,GAAG,CAAC,eAAe,EAAE,UAAC,GAAY,EAAE,GAAa;IACtD,IAAM,OAAO,GAAW,GAAG,CAAC,KAAK,CAAC;IAElC,IAAI,QAAQ,GAAY,uBAAY,EAAE,CAAC;IACvC,IAAM,IAAI,GAAG,QAAQ,CAAC,MAAM,IAAI,OAAO,CAAC,MAAM,CAAC;IAE/C,IAAI,OAAO,CAAC,MAAM,KAAK,EAAE,EAAE;QACzB,IAAM,KAAG,GAAW,IAAI,MAAM,CAAC,OAAO,CAAC,MAAM,EAAE,GAAG,CAAC,CAAC;QACpD,QAAQ,GAAG,QAAQ,CAAC,MAAM,CAAC,UAAC,KAAY;YACtC,OAAO,KAAG,CAAC,IAAI,CAAC,IAAI,CAAC,SAAS,CAAC,KAAK,CAAC,CAAC,CAAC;QACzC,CAAC,CAAC,CAAC;KACJ;IAED,IAAI,OAAO,CAAC,IAAI,KAAK,KAAK,EAAE;QAC1B,QAAQ,GAAG,QAAQ,CAAC,MAAM,CAAC,UAAC,KAAY,IAAK,OAAA,KAAK,CAAC,IAAI,KAAK,OAAO,CAAC,IAAI,EAA3B,CAA2B,CAAC,CAAC;KAC3E;IAED,IAAI,OAAO,CAAC,OAAO,KAAK,KAAK,EAAE;QAC7B,QAAQ,GAAG,QAAQ,CAAC,MAAM,CAAC,UAAC,KAAY,IAAK,OAAA,KAAK,CAAC,OAAO,KAAK,OAAO,CAAC,OAAO,EAAjC,CAAiC,CAAC,CAAC;KACjF;IAED,IAAI,OAAO,CAAC,OAAO,KAAK,MAAM,EAAE;QAC9B,QAAQ,CAAC,IAAI,CAAC,UAAC,EAAS,EAAE,EAAS;YACnC,OAAA,OAAO,CAAC,OAAO,CAAC,CAAC,CAAC,KAAK,GAAG,CAAC,CAAC,CAAC,EAAE,CAAC,IAAI,GAAG,EAAE,CAAC,IAAI,CAAC,CAAC,CAAC,EAAE,CAAC,IAAI,GAAG,EAAE,CAAC,IAAI;QAAlE,CAAkE,CACjE,CAAC;KACH;IAED,GAAG,CAAC,IAAI,CAAC;QACP,MAAM,EAAE,QAAQ,CAAC,KAAK,CAAC,CAAC,EAAE,OAAO,CAAC,MAAM,CAAC;QACzC,IAAI,MAAA;KACL,CAAC,CAAC;AACL,CAAC,CAAC,CAAC;AAEH,MAAM,CAAC,GAAG,CAAC,WAAW,EACtB,6BAAmB,EACnB,4BAAkB,CAAC,CAAC,8BAAiB,CAAC,SAAS,CAAC,CAAC,CAAC,EAClD,UAAC,GAAG,EAAE,GAAG;IACC,IAAA,OAAO,GAAK,GAAG,CAAC,MAAM,QAAf,CAAgB;IAE/B,4BAA4B;IAC5B,0BAA0B;IAE1B,IAAM,KAAK,GAAG,uBAAY,CAAC,OAAO,CAAC,CAAC;IAEpC,GAAG,CAAC,MAAM,CAAC,GAAG,CAAC,CAAC;IAChB,GAAG,CAAC,IAAI,CAAC,EAAE,KAAK,OAAA,EAAE,CAAC,CAAC;AACtB,CAAC,CACA,CAAC;AAEF,MAAM,CAAC,GAAG,CAAC,GAAG,EAAE,UAAC,GAAY,EAAE,GAAa;IAC1C,IAAM,eAAe,GAAG,6BAAkB,EAAE,CAAC;IAE7C,GAAG,CAAC,IAAI,CAAC,eAAe,CAAC,CAAC;AAC5B,CAAC,CAAC,CAAC;AAEH,kBAAe,MAAM,CAAC","sourcesContent":["///<reference path=\"types.ts\" />\r\n\r\nimport express from \"express\";\r\nimport { isEqual, pick } from \"lodash/fp\";\r\nimport { Request, Response } from \"express\";\r\nimport { getAllEvents } from \"./database\";\r\n\r\nimport {\r\n  updateUserById,\r\n  getUserByUsername,\r\n  getEventBy,\r\n  //   getEventId,\r\n  getEventById,\r\n  getEventsBy,\r\n  getEventsByUserId,\r\n  getRetentionCohort,\r\n} from \"./database\";\r\nimport { Event } from \"../src/models/event\";\r\nimport { ensureAuthenticated, validateMiddleware } from \"./helpers\";\r\nimport {\r\n  shortIdValidation,\r\n  searchValidation,\r\n  userFieldsValidator,\r\n  isUserValidator,\r\n} from \"./validators\";\r\nconst router = express.Router();\r\n\r\n// Routes\r\n\r\ninterface Filter {\r\n  sorting: string;\r\n  type: string;\r\n  browser: string;\r\n  search: string;\r\n  offset: number;\r\n}\r\n\r\n\r\nrouter.get(\"/all\", (req: Request, res: Response) => {\r\n  const allEvents: Event[] = getAllEvents();\r\n\r\n  res.json(allEvents);\r\n});\r\n\r\nrouter.get(\"/all-filtered\", (req: Request, res: Response) => {\r\n  const filters: Filter = req.query;\r\n  \r\n  let filtered: Event[] = getAllEvents();\r\n  const more = filtered.length >= filters.offset;\r\n  \r\n  if (filters.search !== \"\") {\r\n    const reg: RegExp = new RegExp(filters.search, \"i\");\r\n    filtered = filtered.filter((event: Event) => {\r\n      return reg.test(JSON.stringify(event));\r\n    });\r\n  }\r\n  \r\n  if (filters.type !== \"all\") {\r\n    filtered = filtered.filter((event: Event) => event.name === filters.type);\r\n  }\r\n  \r\n  if (filters.browser !== \"all\") {\r\n    filtered = filtered.filter((event: Event) => event.browser === filters.browser);\r\n  }\r\n  \r\n  if (filters.sorting !== \"none\") {\r\n    filtered.sort((e1: Event, e2: Event) =>\r\n    filters.sorting[0] === \"+\" ? e1.date - e2.date : e2.date - e1.date\r\n    );\r\n  }\r\n  \r\n  res.json({\r\n    events: filtered.slice(0, filters.offset),\r\n    more,\r\n  });\r\n});\r\n\r\nrouter.get(\"/:eventId\",\r\nensureAuthenticated,\r\nvalidateMiddleware([shortIdValidation(\"eventId\")]),\r\n(req, res) => {\r\n  const { eventId } = req.params;\r\n  \r\n  // Permission: account owner\r\n  /* istanbul ignore next */\r\n  \r\n  const event = getEventById(eventId);\r\n  \r\n  res.status(200);\r\n  res.json({ event });\r\n}\r\n);\r\n\r\nrouter.get(\"/\", (req: Request, res: Response) => {\r\n  const retentionCohort = getRetentionCohort();\r\n\r\n  res.json(retentionCohort);\r\n});\r\n\r\nexport default router;\r\n"]},"_coverageSchema":"1a1c01bbd47fc00a2c39e90264f33305004495a9","hash":"e18e79b7907e516297cf0f41b6b85012945199bc","contentHash":"0ecc0a5a814eb40a76536fedc513f74174d4cafee77db03bea1451ea458076ed"},"C:\\Users\\indya\\Documents\\GitHub\\analytics-challenge\\backend\\sessions-routes.ts":{"path":"C:\\Users\\indya\\Documents\\GitHub\\analytics-challenge\\backend\\sessions-routes.ts","statementMap":{"0":{"start":{"line":2,"column":22},"end":{"line":4,"column":1}},"1":{"start":{"line":3,"column":4},"end":{"line":3,"column":62}},"2":{"start":{"line":5,"column":0},"end":{"line":5,"column":62}},"3":{"start":{"line":6,"column":16},"end":{"line":6,"column":51}},"4":{"start":{"line":7,"column":17},"end":{"line":7,"column":38}},"5":{"start":{"line":8,"column":13},"end":{"line":8,"column":39}},"6":{"start":{"line":9,"column":0},"end":{"line":12,"column":3}},"7":{"start":{"line":10,"column":17},"end":{"line":10,"column":79}},"8":{"start":{"line":11,"column":4},"end":{"line":11,"column":21}},"9":{"start":{"line":13,"column":0},"end":{"line":16,"column":3}},"10":{"start":{"line":14,"column":17},"end":{"line":14,"column":78}},"11":{"start":{"line":15,"column":4},"end":{"line":15,"column":21}},"12":{"start":{"line":17,"column":0},"end":{"line":20,"column":3}},"13":{"start":{"line":18,"column":17},"end":{"line":18,"column":45}},"14":{"start":{"line":19,"column":4},"end":{"line":19,"column":21}},"15":{"start":{"line":21,"column":0},"end":{"line":24,"column":3}},"16":{"start":{"line":22,"column":17},"end":{"line":22,"column":44}},"17":{"start":{"line":23,"column":4},"end":{"line":23,"column":21}},"18":{"start":{"line":25,"column":0},"end":{"line":25,"column":25}}},"fnMap":{"0":{"name":"(anonymous_0)","decl":{"start":{"line":2,"column":56},"end":{"line":2,"column":57}},"loc":{"start":{"line":2,"column":71},"end":{"line":4,"column":1}},"line":2},"1":{"name":"(anonymous_1)","decl":{"start":{"line":9,"column":31},"end":{"line":9,"column":32}},"loc":{"start":{"line":9,"column":51},"end":{"line":12,"column":1}},"line":9},"2":{"name":"(anonymous_2)","decl":{"start":{"line":13,"column":32},"end":{"line":13,"column":33}},"loc":{"start":{"line":13,"column":52},"end":{"line":16,"column":1}},"line":13},"3":{"name":"(anonymous_3)","decl":{"start":{"line":17,"column":21},"end":{"line":17,"column":22}},"loc":{"start":{"line":17,"column":41},"end":{"line":20,"column":1}},"line":17},"4":{"name":"(anonymous_4)","decl":{"start":{"line":21,"column":20},"end":{"line":21,"column":21}},"loc":{"start":{"line":21,"column":40},"end":{"line":24,"column":1}},"line":21}},"branchMap":{"0":{"loc":{"start":{"line":2,"column":22},"end":{"line":4,"column":1}},"type":"binary-expr","locations":[{"start":{"line":2,"column":23},"end":{"line":2,"column":27}},{"start":{"line":2,"column":31},"end":{"line":2,"column":51}},{"start":{"line":2,"column":56},"end":{"line":4,"column":1}}],"line":2},"1":{"loc":{"start":{"line":3,"column":11},"end":{"line":3,"column":61}},"type":"cond-expr","locations":[{"start":{"line":3,"column":37},"end":{"line":3,"column":40}},{"start":{"line":3,"column":43},"end":{"line":3,"column":61}}],"line":3},"2":{"loc":{"start":{"line":3,"column":12},"end":{"line":3,"column":33}},"type":"binary-expr","locations":[{"start":{"line":3,"column":12},"end":{"line":3,"column":15}},{"start":{"line":3,"column":19},"end":{"line":3,"column":33}}],"line":3}},"s":{"0":1,"1":1,"2":1,"3":1,"4":1,"5":1,"6":1,"7":4,"8":4,"9":1,"10":8,"11":8,"12":1,"13":0,"14":0,"15":1,"16":4,"17":4,"18":1},"f":{"0":1,"1":4,"2":8,"3":0,"4":4},"b":{"0":[1,1,1],"1":[0,1],"2":[1,1]},"inputSourceMap":{"version":3,"file":"C:/Users/indya/Documents/GitHub/analytics-challenge/backend/sessions-routes.ts","sources":["C:/Users/indya/Documents/GitHub/analytics-challenge/backend/sessions-routes.ts"],"names":[],"mappings":";;;;;AAAA,oDAA8B;AAE9B,uCAKoB;AAEpB,IAAM,MAAM,GAAG,iBAAO,CAAC,MAAM,EAAE,CAAC;AAEhC,MAAM,CAAC,GAAG,CAAC,kBAAkB,EAAE,UAAC,GAAY,EAAE,GAAa;IACzD,IAAM,MAAM,GAAG,iCAAsB,CAAC,QAAQ,CAAC,GAAG,CAAC,MAAM,CAAC,MAAM,CAAC,CAAC,CAAC;IAEnE,GAAG,CAAC,IAAI,CAAC,MAAM,CAAC,CAAC;AACnB,CAAC,CAAC,CAAC;AAEH,MAAM,CAAC,GAAG,CAAC,mBAAmB,EAAE,UAAC,GAAY,EAAE,GAAa;IAC1D,IAAM,MAAM,GAAG,gCAAqB,CAAC,QAAQ,CAAC,GAAG,CAAC,MAAM,CAAC,MAAM,CAAC,CAAC,CAAC;IAElE,GAAG,CAAC,IAAI,CAAC,MAAM,CAAC,CAAC;AACnB,CAAC,CAAC,CAAC;AACH,MAAM,CAAC,GAAG,CAAC,QAAQ,EAAE,UAAC,GAAY,EAAE,GAAa;IAC/C,IAAM,MAAM,GAAG,0BAAe,EAAE,CAAC;IAEjC,GAAG,CAAC,IAAI,CAAC,MAAM,CAAC,CAAC;AACnB,CAAC,CAAC,CAAC;AACH,MAAM,CAAC,GAAG,CAAC,OAAO,EAAE,UAAC,GAAY,EAAE,GAAa;IAC9C,IAAM,MAAM,GAAG,yBAAc,EAAE,CAAC;IAEhC,GAAG,CAAC,IAAI,CAAC,MAAM,CAAC,CAAC;AACnB,CAAC,CAAC,CAAC;AAEH,kBAAe,MAAM,CAAC","sourcesContent":["import express from \"express\";\r\nimport { Request, Response, NextFunction } from \"express\";\r\nimport {\r\n  getLastWeekEventsCount,\r\n  getLastDayEventsCount,\r\n  getTodaysEvents,\r\n  getWeeksEvents,\r\n} from \"./database\";\r\n\r\nconst router = express.Router();\r\n\r\nrouter.get(\"/by-days/:offset\", (req: Request, res: Response) => {\r\n  const events = getLastWeekEventsCount(parseInt(req.params.offset));\r\n\r\n  res.send(events);\r\n});\r\n\r\nrouter.get(\"/by-hours/:offset\", (req: Request, res: Response) => {\r\n  const events = getLastDayEventsCount(parseInt(req.params.offset));\r\n\r\n  res.send(events);\r\n});\r\nrouter.get(\"/today\", (req: Request, res: Response) => {\r\n  const events = getTodaysEvents();\r\n\r\n  res.send(events);\r\n});\r\nrouter.get(\"/week\", (req: Request, res: Response) => {\r\n  const events = getWeeksEvents();\r\n\r\n  res.send(events);\r\n});\r\n\r\nexport default router;\r\n"]},"_coverageSchema":"1a1c01bbd47fc00a2c39e90264f33305004495a9","hash":"dca6ce42f882dac23ad14d3f7ce1983ab04477f0","contentHash":"3f21bdb34986bd02f813ee4281a83cd2f5bfd990bd180b0e0be6f65416049443"}}